<?xml version="1.0" ?>
<testsuite errors="0" failures="0" name="TestDB-20181126231213" tests="22" time="3.309">
	<testcase classname="TestDB" name="test_create_allocation_invalid" time="0.262"/>
	<testcase classname="TestDB" name="test_create_allocation_valid" time="0.158"/>
	<testcase classname="TestDB" name="test_create_empty_group_exist" time="0.136"/>
	<testcase classname="TestDB" name="test_create_empty_group_notexist" time="0.129"/>
	<testcase classname="TestDB" name="test_create_group_with_members" time="0.147"/>
	<testcase classname="TestDB" name="test_create_item" time="0.137"/>
	<testcase classname="TestDB" name="test_create_order" time="0.136"/>
	<testcase classname="TestDB" name="test_create_receipt" time="0.154"/>
	<testcase classname="TestDB" name="test_delete_allocation" time="0.159"/>
	<testcase classname="TestDB" name="test_delete_group" time="0.169"/>
	<testcase classname="TestDB" name="test_delete_item" time="0.140"/>
	<testcase classname="TestDB" name="test_delete_order" time="0.138"/>
	<testcase classname="TestDB" name="test_delete_receipt" time="0.142"/>
	<testcase classname="TestDB" name="test_login_exist" time="0.122"/>
	<testcase classname="TestDB" name="test_login_notexist" time="0.123"/>
	<testcase classname="TestDB" name="test_modify_allocation_invalid" time="0.183"/>
	<testcase classname="TestDB" name="test_modify_allocation_valid" time="0.165"/>
	<testcase classname="TestDB" name="test_modify_item_amount" time="0.136"/>
	<testcase classname="TestDB" name="test_modify_item_name" time="0.152"/>
	<testcase classname="TestDB" name="test_remove_members_from_group" time="0.176"/>
	<testcase classname="TestDB" name="test_sign_up_exist" time="0.114"/>
	<testcase classname="TestDB" name="test_sign_up_notexist" time="0.132"/>
	<system-out>
<![CDATA[]]>	</system-out>
	<system-err>
<![CDATA[/Library/Frameworks/Python.framework/Versions/3.7/lib/python3.7/site-packages/pymysql/cursors.py:329: Warning: (1008, "Can't drop database 'testtest'; database doesn't exist")
  self._do_get_result()
]]>	</system-err>
</testsuite>
