<?xml version="1.0" ?>
<testsuite errors="0" failures="0" name="TestDB-20181102151402" tests="22" time="19.701">
	<testcase classname="TestDB" name="test_create_allocation_invalid" time="0.377"/>
	<testcase classname="TestDB" name="test_create_allocation_valid" time="0.267"/>
	<testcase classname="TestDB" name="test_create_empty_group_exist" time="0.217"/>
	<testcase classname="TestDB" name="test_create_empty_group_notexist" time="0.240"/>
	<testcase classname="TestDB" name="test_create_group_with_members" time="0.272"/>
	<testcase classname="TestDB" name="test_create_item" time="0.206"/>
	<testcase classname="TestDB" name="test_create_order" time="0.191"/>
	<testcase classname="TestDB" name="test_create_receipt" time="0.193"/>
	<testcase classname="TestDB" name="test_delete_allocation" time="0.228"/>
	<testcase classname="TestDB" name="test_delete_group" time="0.221"/>
	<testcase classname="TestDB" name="test_delete_item" time="0.265"/>
	<testcase classname="TestDB" name="test_delete_order" time="0.303"/>
	<testcase classname="TestDB" name="test_delete_receipt" time="0.210"/>
	<testcase classname="TestDB" name="test_login_exist" time="0.318"/>
	<testcase classname="TestDB" name="test_login_notexist" time="2.050"/>
	<testcase classname="TestDB" name="test_modify_allocation_invalid" time="1.708"/>
	<testcase classname="TestDB" name="test_modify_allocation_valid" time="0.224"/>
	<testcase classname="TestDB" name="test_modify_item_amount" time="0.235"/>
	<testcase classname="TestDB" name="test_modify_item_name" time="0.304"/>
	<testcase classname="TestDB" name="test_remove_members_from_group" time="0.603"/>
	<testcase classname="TestDB" name="test_sign_up_exist" time="6.542"/>
	<testcase classname="TestDB" name="test_sign_up_notexist" time="4.528"/>
	<system-out>
<![CDATA[]]>	</system-out>
	<system-err>
<![CDATA[/usr/local/lib/python3.6/dist-packages/pymysql/cursors.py:329: Warning: (1008, "Can't drop database 'TESTTEST'; database doesn't exist")
  self._do_get_result()
]]>	</system-err>
</testsuite>
