<?xml version="1.0" encoding="UTF-8"?>
<testsuites>
	<testsuite errors="0" failures="0" name="TestDB-20181203174716" skipped="0" tests="22" time="6.313" timestamp="2018-12-03T17:47:23">
		<testcase classname="TestDB" name="test_create_allocation_invalid" time="0.304" timestamp="2018-12-03T17:47:17"/>
		<testcase classname="TestDB" name="test_create_allocation_valid" time="0.308" timestamp="2018-12-03T17:47:17"/>
		<testcase classname="TestDB" name="test_create_empty_group_exist" time="0.257" timestamp="2018-12-03T17:47:17"/>
		<testcase classname="TestDB" name="test_create_empty_group_notexist" time="0.263" timestamp="2018-12-03T17:47:17"/>
		<testcase classname="TestDB" name="test_create_group_with_members" time="0.325" timestamp="2018-12-03T17:47:18"/>
		<testcase classname="TestDB" name="test_create_item" time="0.278" timestamp="2018-12-03T17:47:18"/>
		<testcase classname="TestDB" name="test_create_order" time="0.269" timestamp="2018-12-03T17:47:18"/>
		<testcase classname="TestDB" name="test_create_receipt" time="0.267" timestamp="2018-12-03T17:47:19"/>
		<testcase classname="TestDB" name="test_delete_allocation" time="0.344" timestamp="2018-12-03T17:47:19"/>
		<testcase classname="TestDB" name="test_delete_group" time="0.285" timestamp="2018-12-03T17:47:19"/>
		<testcase classname="TestDB" name="test_delete_item" time="0.281" timestamp="2018-12-03T17:47:20"/>
		<testcase classname="TestDB" name="test_delete_order" time="0.281" timestamp="2018-12-03T17:47:20"/>
		<testcase classname="TestDB" name="test_delete_receipt" time="0.280" timestamp="2018-12-03T17:47:20"/>
		<testcase classname="TestDB" name="test_login_exist" time="0.308" timestamp="2018-12-03T17:47:20"/>
		<testcase classname="TestDB" name="test_login_notexist" time="0.280" timestamp="2018-12-03T17:47:21"/>
		<testcase classname="TestDB" name="test_modify_allocation_invalid" time="0.333" timestamp="2018-12-03T17:47:21"/>
		<testcase classname="TestDB" name="test_modify_allocation_valid" time="0.293" timestamp="2018-12-03T17:47:21"/>
		<testcase classname="TestDB" name="test_modify_item_amount" time="0.288" timestamp="2018-12-03T17:47:22"/>
		<testcase classname="TestDB" name="test_modify_item_name" time="0.291" timestamp="2018-12-03T17:47:22"/>
		<testcase classname="TestDB" name="test_remove_members_from_group" time="0.272" timestamp="2018-12-03T17:47:22"/>
		<testcase classname="TestDB" name="test_sign_up_exist" time="0.255" timestamp="2018-12-03T17:47:22"/>
		<testcase classname="TestDB" name="test_sign_up_notexist" time="0.251" timestamp="2018-12-03T17:47:23"/>
		<system-out>
<![CDATA[]]>		</system-out>
		<system-err>
<![CDATA[/usr/local/lib/python2.7/dist-packages/pymysql/cursors.py:329: Warning: (1008, u"Can't drop database 'TESTTEST'; database doesn't exist")
  self._do_get_result()
]]>		</system-err>
	</testsuite>
</testsuites>
