<?xml version="1.0" encoding="UTF-8"?>
<coverage generated="1543610480875" clover="3.2.0">
  <project timestamp="1543610480876" name="All files">
    <metrics statements="49" coveredstatements="20" conditionals="6" coveredconditionals="0" methods="26" coveredmethods="11" elements="81" coveredelements="31" complexity="0" loc="49" ncloc="49" packages="2" files="2" classes="2">
      <package name="components">
        <metrics statements="37" coveredstatements="17" conditionals="4" coveredconditionals="0" methods="18" coveredmethods="9"/>
        <file name="home_screen.js" path="/Users/fionazheng/GoDutch/Do-Dutch/do_dutch/components/home_screen.js">
          <metrics statements="37" coveredstatements="17" conditionals="4" coveredconditionals="0" methods="18" coveredmethods="9"/>
          <line num="33" count="1" type="stmt"/>
          <line num="35" count="1" type="stmt"/>
          <line num="50" count="1" type="stmt"/>
          <line num="60" count="3" type="stmt"/>
          <line num="94" count="1" type="stmt"/>
          <line num="95" count="1" type="stmt"/>
          <line num="99" count="3" type="stmt"/>
          <line num="109" count="3" type="stmt"/>
          <line num="129" count="0" type="stmt"/>
          <line num="130" count="0" type="stmt"/>
          <line num="132" count="0" type="cond" truecount="0" falsecount="2"/>
          <line num="133" count="0" type="stmt"/>
          <line num="134" count="0" type="cond" truecount="0" falsecount="2"/>
          <line num="135" count="0" type="stmt"/>
          <line num="137" count="0" type="stmt"/>
          <line num="138" count="0" type="stmt"/>
          <line num="143" count="0" type="stmt"/>
          <line num="149" count="0" type="stmt"/>
          <line num="165" count="0" type="stmt"/>
          <line num="168" count="0" type="stmt"/>
          <line num="169" count="0" type="stmt"/>
          <line num="170" count="0" type="stmt"/>
          <line num="171" count="0" type="stmt"/>
          <line num="173" count="0" type="stmt"/>
          <line num="179" count="0" type="stmt"/>
          <line num="184" count="0" type="stmt"/>
          <line num="187" count="2" type="stmt"/>
          <line num="234" count="0" type="stmt"/>
          <line num="243" count="2" type="stmt"/>
          <line num="250" count="2" type="stmt"/>
          <line num="262" count="2" type="stmt"/>
          <line num="269" count="2" type="stmt"/>
          <line num="292" count="0" type="stmt"/>
          <line num="312" count="1" type="stmt"/>
          <line num="315" count="1" type="stmt"/>
          <line num="316" count="1" type="stmt"/>
          <line num="318" count="1" type="stmt"/>
        </file>
      </package>
      <package name="components.login">
        <metrics statements="12" coveredstatements="3" conditionals="2" coveredconditionals="0" methods="8" coveredmethods="2"/>
        <file name="login.js" path="/Users/fionazheng/GoDutch/Do-Dutch/do_dutch/components/login/login.js">
          <metrics statements="12" coveredstatements="3" conditionals="2" coveredconditionals="0" methods="8" coveredmethods="2"/>
          <line num="13" count="1" type="stmt"/>
          <line num="15" count="1" type="stmt"/>
          <line num="22" count="0" type="stmt"/>
          <line num="34" count="0" type="stmt"/>
          <line num="35" count="0" type="cond" truecount="0" falsecount="2"/>
          <line num="36" count="0" type="stmt"/>
          <line num="38" count="0" type="stmt"/>
          <line num="42" count="0" type="stmt"/>
          <line num="47" count="1" type="stmt"/>
          <line num="56" count="0" type="stmt"/>
          <line num="64" count="0" type="stmt"/>
          <line num="67" count="0" type="stmt"/>
        </file>
      </package>
    </metrics>
  </project>
</coverage>
