{"/Users/fionazheng/GoDutch/Do-Dutch/do_dutch/components/home_screen.js": {"path":"/Users/fionazheng/GoDutch/Do-Dutch/do_dutch/components/home_screen.js","statementMap":{"0":{"start":{"line":33,"column":13},"end":{"line":33,"column":38}},"1":{"start":{"line":35,"column":13},"end":{"line":48,"column":1}},"2":{"start":{"line":50,"column":18},"end":{"line":92,"column":1}},"3":{"start":{"line":60,"column":2},"end":{"line":91,"column":21}},"4":{"start":{"line":94,"column":23},"end":{"line":112,"column":1}},"5":{"start":{"line":95,"column":2},"end":{"line":111,"column":9}},"6":{"start":{"line":99,"column":8},"end":{"line":107,"column":10}},"7":{"start":{"line":109,"column":37},"end":{"line":109,"column":53}},"8":{"start":{"line":129,"column":4},"end":{"line":145,"column":7}},"9":{"start":{"line":130,"column":6},"end":{"line":130,"column":43}},"10":{"start":{"line":132,"column":6},"end":{"line":144,"column":7}},"11":{"start":{"line":133,"column":8},"end":{"line":133,"column":51}},"12":{"start":{"line":134,"column":13},"end":{"line":144,"column":7}},"13":{"start":{"line":135,"column":8},"end":{"line":135,"column":59}},"14":{"start":{"line":137,"column":21},"end":{"line":137,"column":42}},"15":{"start":{"line":138,"column":8},"end":{"line":142,"column":11}},"16":{"start":{"line":143,"column":8},"end":{"line":143,"column":27}},"17":{"start":{"line":149,"column":4},"end":{"line":180,"column":9}},"18":{"start":{"line":165,"column":8},"end":{"line":167,"column":11}},"19":{"start":{"line":168,"column":8},"end":{"line":168,"column":44}},"20":{"start":{"line":169,"column":8},"end":{"line":169,"column":26}},"21":{"start":{"line":170,"column":8},"end":{"line":170,"column":32}},"22":{"start":{"line":171,"column":8},"end":{"line":171,"column":49}},"23":{"start":{"line":173,"column":8},"end":{"line":176,"column":11}},"24":{"start":{"line":179,"column":8},"end":{"line":179,"column":39}},"25":{"start":{"line":184,"column":4},"end":{"line":184,"column":65}},"26":{"start":{"line":187,"column":4},"end":{"line":305,"column":6}},"27":{"start":{"line":234,"column":25},"end":{"line":234,"column":65}},"28":{"start":{"line":243,"column":18},"end":{"line":248,"column":20}},"29":{"start":{"line":250,"column":38},"end":{"line":250,"column":47}},"30":{"start":{"line":262,"column":14},"end":{"line":267,"column":16}},"31":{"start":{"line":269,"column":34},"end":{"line":269,"column":43}},"32":{"start":{"line":292,"column":27},"end":{"line":292,"column":65}},"33":{"start":{"line":312,"column":57},"end":{"line":314,"column":1}},"34":{"start":{"line":315,"column":17},"end":{"line":315,"column":18}},"35":{"start":{"line":316,"column":18},"end":{"line":316,"column":46}},"36":{"start":{"line":318,"column":15},"end":{"line":399,"column":2}}},"fnMap":{"0":{"name":"(anonymous_0)","decl":{"start":{"line":50,"column":18},"end":{"line":50,"column":19}},"loc":{"start":{"line":60,"column":2},"end":{"line":91,"column":21}},"line":60},"1":{"name":"(anonymous_1)","decl":{"start":{"line":94,"column":23},"end":{"line":94,"column":24}},"loc":{"start":{"line":95,"column":2},"end":{"line":111,"column":9}},"line":95},"2":{"name":"(anonymous_2)","decl":{"start":{"line":98,"column":18},"end":{"line":98,"column":19}},"loc":{"start":{"line":99,"column":8},"end":{"line":107,"column":10}},"line":99},"3":{"name":"(anonymous_3)","decl":{"start":{"line":109,"column":20},"end":{"line":109,"column":21}},"loc":{"start":{"line":109,"column":37},"end":{"line":109,"column":53}},"line":109},"4":{"name":"(anonymous_4)","decl":{"start":{"line":128,"column":2},"end":{"line":128,"column":3}},"loc":{"start":{"line":128,"column":16},"end":{"line":146,"column":3}},"line":128},"5":{"name":"(anonymous_5)","decl":{"start":{"line":129,"column":46},"end":{"line":129,"column":47}},"loc":{"start":{"line":129,"column":58},"end":{"line":145,"column":5}},"line":129},"6":{"name":"(anonymous_6)","decl":{"start":{"line":148,"column":2},"end":{"line":148,"column":3}},"loc":{"start":{"line":148,"column":16},"end":{"line":181,"column":3}},"line":148},"7":{"name":"(anonymous_7)","decl":{"start":{"line":164,"column":12},"end":{"line":164,"column":13}},"loc":{"start":{"line":164,"column":20},"end":{"line":177,"column":7}},"line":164},"8":{"name":"(anonymous_8)","decl":{"start":{"line":178,"column":13},"end":{"line":178,"column":14}},"loc":{"start":{"line":178,"column":20},"end":{"line":180,"column":7}},"line":178},"9":{"name":"(anonymous_9)","decl":{"start":{"line":183,"column":17},"end":{"line":183,"column":18}},"loc":{"start":{"line":184,"column":4},"end":{"line":184,"column":65}},"line":184},"10":{"name":"(anonymous_10)","decl":{"start":{"line":186,"column":2},"end":{"line":186,"column":3}},"loc":{"start":{"line":186,"column":11},"end":{"line":306,"column":3}},"line":186},"11":{"name":"(anonymous_11)","decl":{"start":{"line":234,"column":19},"end":{"line":234,"column":20}},"loc":{"start":{"line":234,"column":25},"end":{"line":234,"column":65}},"line":234},"12":{"name":"(anonymous_12)","decl":{"start":{"line":242,"column":28},"end":{"line":242,"column":29}},"loc":{"start":{"line":243,"column":18},"end":{"line":248,"column":20}},"line":243},"13":{"name":"(anonymous_13)","decl":{"start":{"line":250,"column":30},"end":{"line":250,"column":31}},"loc":{"start":{"line":250,"column":38},"end":{"line":250,"column":47}},"line":250},"14":{"name":"(anonymous_14)","decl":{"start":{"line":261,"column":24},"end":{"line":261,"column":25}},"loc":{"start":{"line":262,"column":14},"end":{"line":267,"column":16}},"line":262},"15":{"name":"(anonymous_15)","decl":{"start":{"line":269,"column":26},"end":{"line":269,"column":27}},"loc":{"start":{"line":269,"column":34},"end":{"line":269,"column":43}},"line":269},"16":{"name":"(anonymous_16)","decl":{"start":{"line":292,"column":21},"end":{"line":292,"column":22}},"loc":{"start":{"line":292,"column":27},"end":{"line":292,"column":65}},"line":292},"17":{"name":"(anonymous_17)","decl":{"start":{"line":299,"column":21},"end":{"line":299,"column":22}},"loc":{"start":{"line":299,"column":27},"end":{"line":299,"column":29}},"line":299}},"branchMap":{"0":{"loc":{"start":{"line":132,"column":6},"end":{"line":144,"column":7}},"type":"if","locations":[{"start":{"line":132,"column":6},"end":{"line":144,"column":7}},{"start":{"line":132,"column":6},"end":{"line":144,"column":7}}],"line":132},"1":{"loc":{"start":{"line":134,"column":13},"end":{"line":144,"column":7}},"type":"if","locations":[{"start":{"line":134,"column":13},"end":{"line":144,"column":7}},{"start":{"line":134,"column":13},"end":{"line":144,"column":7}}],"line":134}},"s":{"0":1,"1":1,"2":1,"3":6,"4":1,"5":2,"6":6,"7":6,"8":0,"9":0,"10":0,"11":0,"12":0,"13":0,"14":0,"15":0,"16":0,"17":0,"18":0,"19":0,"20":0,"21":0,"22":0,"23":0,"24":0,"25":0,"26":3,"27":0,"28":4,"29":4,"30":4,"31":4,"32":0,"33":1,"34":1,"35":1,"36":1},"f":{"0":6,"1":2,"2":6,"3":6,"4":0,"5":0,"6":0,"7":0,"8":0,"9":0,"10":3,"11":0,"12":4,"13":4,"14":4,"15":4,"16":0,"17":0},"b":{"0":[0,0],"1":[0,0]},"_coverageSchema":"332fd63041d2c1bcb487cc26dd0d5f7d97098a6c","hash":"43b2a8889cd259da20ec76e9a2a0eb9173f881b4"}
}
