TN:
SF:/Users/fionazheng/GoDutch/Do-Dutch/do_dutch/components/home_screen.js
FN:50,(anonymous_0)
FN:94,(anonymous_1)
FN:98,(anonymous_2)
FN:109,(anonymous_3)
FN:128,(anonymous_4)
FN:129,(anonymous_5)
FN:148,(anonymous_6)
FN:164,(anonymous_7)
FN:178,(anonymous_8)
FN:183,(anonymous_9)
FN:186,(anonymous_10)
FN:234,(anonymous_11)
FN:242,(anonymous_12)
FN:250,(anonymous_13)
FN:261,(anonymous_14)
FN:269,(anonymous_15)
FN:292,(anonymous_16)
FN:299,(anonymous_17)
FNF:18
FNH:9
FNDA:3,(anonymous_0)
FNDA:1,(anonymous_1)
FNDA:3,(anonymous_2)
FNDA:3,(anonymous_3)
FNDA:0,(anonymous_4)
FNDA:0,(anonymous_5)
FNDA:0,(anonymous_6)
FNDA:0,(anonymous_7)
FNDA:0,(anonymous_8)
FNDA:0,(anonymous_9)
FNDA:2,(anonymous_10)
FNDA:0,(anonymous_11)
FNDA:2,(anonymous_12)
FNDA:2,(anonymous_13)
FNDA:2,(anonymous_14)
FNDA:2,(anonymous_15)
FNDA:0,(anonymous_16)
FNDA:0,(anonymous_17)
DA:33,1
DA:35,1
DA:50,1
DA:60,3
DA:94,1
DA:95,1
DA:99,3
DA:109,3
DA:129,0
DA:130,0
DA:132,0
DA:133,0
DA:134,0
DA:135,0
DA:137,0
DA:138,0
DA:143,0
DA:149,0
DA:165,0
DA:168,0
DA:169,0
DA:170,0
DA:171,0
DA:173,0
DA:179,0
DA:184,0
DA:187,2
DA:234,0
DA:243,2
DA:250,2
DA:262,2
DA:269,2
DA:292,0
DA:312,1
DA:315,1
DA:316,1
DA:318,1
LF:37
LH:17
BRDA:132,0,0,0
BRDA:132,0,1,0
BRDA:134,1,0,0
BRDA:134,1,1,0
BRF:4
BRH:0
end_of_record
TN:
SF:/Users/fionazheng/GoDutch/Do-Dutch/do_dutch/components/login/login.js
FN:12,(anonymous_0)
FN:21,(anonymous_1)
FN:33,(anonymous_2)
FN:41,(anonymous_3)
FN:46,(anonymous_4)
FN:56,(anonymous_5)
FN:64,(anonymous_6)
FN:67,(anonymous_7)
FNF:8
FNH:2
FNDA:1,(anonymous_0)
FNDA:0,(anonymous_1)
FNDA:0,(anonymous_2)
FNDA:0,(anonymous_3)
FNDA:1,(anonymous_4)
FNDA:0,(anonymous_5)
FNDA:0,(anonymous_6)
FNDA:0,(anonymous_7)
DA:13,1
DA:15,1
DA:22,0
DA:34,0
DA:35,0
DA:36,0
DA:38,0
DA:42,0
DA:47,1
DA:56,0
DA:64,0
DA:67,0
LF:12
LH:3
BRDA:35,0,0,0
BRDA:35,0,1,0
BRF:2
BRH:0
end_of_record
