TN:
SF:/Users/fionazheng/GoDutch/Do-Dutch/do_dutch/components/home_screen.js
FN:50,(anonymous_0)
FN:94,(anonymous_1)
FN:98,(anonymous_2)
FN:109,(anonymous_3)
FN:128,(anonymous_4)
FN:129,(anonymous_5)
FN:148,(anonymous_6)
FN:164,(anonymous_7)
FN:178,(anonymous_8)
FN:183,(anonymous_9)
FN:186,(anonymous_10)
FN:234,(anonymous_11)
FN:242,(anonymous_12)
FN:250,(anonymous_13)
FN:261,(anonymous_14)
FN:269,(anonymous_15)
FN:292,(anonymous_16)
FN:299,(anonymous_17)
FNF:18
FNH:9
FNDA:6,(anonymous_0)
FNDA:2,(anonymous_1)
FNDA:6,(anonymous_2)
FNDA:6,(anonymous_3)
FNDA:0,(anonymous_4)
FNDA:0,(anonymous_5)
FNDA:0,(anonymous_6)
FNDA:0,(anonymous_7)
FNDA:0,(anonymous_8)
FNDA:0,(anonymous_9)
FNDA:3,(anonymous_10)
FNDA:0,(anonymous_11)
FNDA:4,(anonymous_12)
FNDA:4,(anonymous_13)
FNDA:4,(anonymous_14)
FNDA:4,(anonymous_15)
FNDA:0,(anonymous_16)
FNDA:0,(anonymous_17)
DA:33,1
DA:35,1
DA:50,1
DA:60,6
DA:94,1
DA:95,2
DA:99,6
DA:109,6
DA:129,0
DA:130,0
DA:132,0
DA:133,0
DA:134,0
DA:135,0
DA:137,0
DA:138,0
DA:143,0
DA:149,0
DA:165,0
DA:168,0
DA:169,0
DA:170,0
DA:171,0
DA:173,0
DA:179,0
DA:184,0
DA:187,3
DA:234,0
DA:243,4
DA:250,4
DA:262,4
DA:269,4
DA:292,0
DA:312,1
DA:315,1
DA:316,1
DA:318,1
LF:37
LH:17
BRDA:132,0,0,0
BRDA:132,0,1,0
BRDA:134,1,0,0
BRDA:134,1,1,0
BRF:4
BRH:0
end_of_record
