<?xml version="1.0" ?>
<testsuite errors="0" failures="0" name="TestFunctions-20181203154610" tests="11" time="1.659">
	<testcase classname="TestFunctions" name="test_add_friend" time="0.211"/>
	<testcase classname="TestFunctions" name="test_add_friend_non_exist_friend" time="0.142"/>
	<testcase classname="TestFunctions" name="test_create_empty_group" time="0.143"/>
	<testcase classname="TestFunctions" name="test_create_empty_group_exist_name" time="0.146"/>
	<testcase classname="TestFunctions" name="test_create_group_with_members" time="0.159"/>
	<testcase classname="TestFunctions" name="test_create_group_with_members_zero_member" time="0.149"/>
	<testcase classname="TestFunctions" name="test_delete_group_non_exist_group" time="0.130"/>
	<testcase classname="TestFunctions" name="test_remove_friend" time="0.156"/>
	<testcase classname="TestFunctions" name="test_remove_friend_non_exist_user" time="0.137"/>
	<testcase classname="TestFunctions" name="test_remove_friend_not_friend" time="0.146"/>
	<testcase classname="TestFunctions" name="test_search_friend" time="0.140"/>
	<system-out>
<![CDATA[]]>	</system-out>
	<system-err>
<![CDATA[/Library/Frameworks/Python.framework/Versions/3.7/lib/python3.7/site-packages/pymysql/cursors.py:329: Warning: (1008, "Can't drop database 'testtest'; database doesn't exist")
  self._do_get_result()
]]>	</system-err>
</testsuite>
