<?xml version="1.0" ?>
<!DOCTYPE coverage SYSTEM "http://cobertura.sourceforge.net/xml/coverage-04.dtd">
<coverage lines-valid="332" lines-covered="171" line-rate="0.5151" branches-valid="310" branches-covered="155" branch-rate="0.5" timestamp="1544797622397" complexity="0" version="0.1">
  <sources>
    <source>/Users/fionazheng/GoDutch/Do-Dutch/do_dutch</source>
  </sources>
  <packages>
    <package name="components" line-rate="0.38670000000000004" branch-rate="0.4935">
      <classes>
        <class name="home_screen.js" filename="components/home_screen.js" line-rate="0.38670000000000004" branch-rate="0.4935">
          <methods>
            <method name="_interopRequireDefault" hits="7" signature="()V">
              <lines>
                <line number="12" hits="7"/>
              </lines>
            </method>
            <method name="_interopRequireWildcard" hits="1" signature="()V">
              <lines>
                <line number="12" hits="1"/>
              </lines>
            </method>
            <method name="_classCallCheck" hits="1" signature="()V">
              <lines>
                <line number="12" hits="1"/>
              </lines>
            </method>
            <method name="_defineProperties" hits="1" signature="()V">
              <lines>
                <line number="12" hits="1"/>
              </lines>
            </method>
            <method name="_createClass" hits="1" signature="()V">
              <lines>
                <line number="12" hits="1"/>
              </lines>
            </method>
            <method name="_possibleConstructorReturn" hits="1" signature="()V">
              <lines>
                <line number="12" hits="1"/>
              </lines>
            </method>
            <method name="_assertThisInitialized" hits="1" signature="()V">
              <lines>
                <line number="12" hits="1"/>
              </lines>
            </method>
            <method name="_getPrototypeOf" hits="1" signature="()V">
              <lines>
                <line number="12" hits="1"/>
              </lines>
            </method>
            <method name="_getPrototypeOf" hits="0" signature="()V">
              <lines>
                <line number="12" hits="0"/>
              </lines>
            </method>
            <method name="_inherits" hits="1" signature="()V">
              <lines>
                <line number="12" hits="1"/>
              </lines>
            </method>
            <method name="_setPrototypeOf" hits="1" signature="()V">
              <lines>
                <line number="12" hits="1"/>
              </lines>
            </method>
            <method name="_setPrototypeOf" hits="0" signature="()V">
              <lines>
                <line number="12" hits="0"/>
              </lines>
            </method>
            <method name="(anonymous_12)" hits="1" signature="()V">
              <lines>
                <line number="14" hits="1"/>
              </lines>
            </method>
            <method name="HomeScreen" hits="1" signature="()V">
              <lines>
                <line number="27" hits="1"/>
              </lines>
            </method>
            <method name="(anonymous_14)" hits="0" signature="()V">
              <lines>
                <line number="30" hits="0"/>
              </lines>
            </method>
            <method name="(anonymous_15)" hits="0" signature="()V">
              <lines>
                <line number="34" hits="0"/>
              </lines>
            </method>
            <method name="saveReceiptHistory" hits="0" signature="()V">
              <lines>
                <line number="43" hits="0"/>
              </lines>
            </method>
            <method name="refreshLists" hits="0" signature="()V">
              <lines>
                <line number="58" hits="0"/>
              </lines>
            </method>
            <method name="(anonymous_18)" hits="0" signature="()V">
              <lines>
                <line number="61" hits="0"/>
              </lines>
            </method>
            <method name="launchModal" hits="0" signature="()V">
              <lines>
                <line number="64" hits="0"/>
              </lines>
            </method>
            <method name="(anonymous_20)" hits="0" signature="()V">
              <lines>
                <line number="74" hits="0"/>
              </lines>
            </method>
            <method name="(anonymous_21)" hits="0" signature="()V">
              <lines>
                <line number="78" hits="0"/>
              </lines>
            </method>
            <method name="render" hits="1" signature="()V">
              <lines>
                <line number="89" hits="1"/>
              </lines>
            </method>
            <method name="onRef" hits="0" signature="()V">
              <lines>
                <line number="110" hits="0"/>
              </lines>
            </method>
            <method name="onPressRecord" hits="0" signature="()V">
              <lines>
                <line number="114" hits="0"/>
              </lines>
            </method>
            <method name="onRef" hits="0" signature="()V">
              <lines>
                <line number="125" hits="0"/>
              </lines>
            </method>
            <method name="onPressRecord" hits="0" signature="()V">
              <lines>
                <line number="129" hits="0"/>
              </lines>
            </method>
            <method name="onRef" hits="0" signature="()V">
              <lines>
                <line number="139" hits="0"/>
              </lines>
            </method>
            <method name="onPressRecord" hits="0" signature="()V">
              <lines>
                <line number="143" hits="0"/>
              </lines>
            </method>
            <method name="onChangeText" hits="0" signature="()V">
              <lines>
                <line number="161" hits="0"/>
              </lines>
            </method>
            <method name="onRef" hits="0" signature="()V">
              <lines>
                <line number="181" hits="0"/>
              </lines>
            </method>
            <method name="onPress" hits="0" signature="()V">
              <lines>
                <line number="208" hits="0"/>
              </lines>
            </method>
            <method name="(anonymous_32)" hits="0" signature="()V">
              <lines>
                <line number="211" hits="0"/>
              </lines>
            </method>
            <method name="(anonymous_33)" hits="0" signature="()V">
              <lines>
                <line number="219" hits="0"/>
              </lines>
            </method>
          </methods>
          <lines>
            <line number="1" hits="1" branch="false"/>
            <line number="2" hits="1" branch="false"/>
            <line number="3" hits="1" branch="false"/>
            <line number="4" hits="1" branch="false"/>
            <line number="5" hits="1" branch="false"/>
            <line number="6" hits="1" branch="false"/>
            <line number="8" hits="1" branch="false"/>
            <line number="9" hits="1" branch="false"/>
            <line number="10" hits="1" branch="false"/>
            <line number="11" hits="1" branch="false"/>
            <line number="12" hits="19" branch="true" condition-coverage="58.82352941176471% (30/51)"/>
            <line number="14" hits="1" branch="false"/>
            <line number="27" hits="1" branch="false"/>
            <line number="28" hits="1" branch="false"/>
            <line number="30" hits="1" branch="false"/>
            <line number="31" hits="0" branch="false"/>
            <line number="34" hits="1" branch="false"/>
            <line number="35" hits="0" branch="true" condition-coverage="0% (0/2)"/>
            <line number="36" hits="0" branch="false"/>
            <line number="37" hits="0" branch="false"/>
            <line number="38" hits="0" branch="false"/>
            <line number="39" hits="0" branch="false"/>
            <line number="40" hits="0" branch="false"/>
            <line number="42" hits="1" branch="false"/>
            <line number="43" hits="1" branch="false"/>
            <line number="46" hits="0" branch="false"/>
            <line number="47" hits="0" branch="true" condition-coverage="0% (0/2)"/>
            <line number="48" hits="0" branch="false"/>
            <line number="50" hits="0" branch="true" condition-coverage="0% (0/2)"/>
            <line number="51" hits="0" branch="false"/>
            <line number="56" hits="0" branch="false"/>
            <line number="57" hits="0" branch="false"/>
            <line number="60" hits="0" branch="false"/>
            <line number="61" hits="0" branch="false"/>
            <line number="62" hits="0" branch="false"/>
            <line number="67" hits="0" branch="false"/>
            <line number="68" hits="0" branch="true" condition-coverage="0% (0/2)"/>
            <line number="69" hits="0" branch="false"/>
            <line number="70" hits="0" branch="false"/>
            <line number="74" hits="0" branch="false"/>
            <line number="75" hits="0" branch="false"/>
            <line number="78" hits="0" branch="false"/>
            <line number="80" hits="0" branch="true" condition-coverage="0% (0/2)"/>
            <line number="81" hits="0" branch="false"/>
            <line number="82" hits="0" branch="false"/>
            <line number="84" hits="0" branch="false"/>
            <line number="86" hits="0" branch="false"/>
            <line number="91" hits="1" branch="false"/>
            <line number="92" hits="1" branch="false"/>
            <line number="98" hits="1" branch="true" condition-coverage="75% (3/4)"/>
            <line number="99" hits="0" branch="false"/>
            <line number="101" hits="1" branch="false"/>
            <line number="102" hits="1" branch="false"/>
            <line number="107" hits="1" branch="true" condition-coverage="50% (1/2)"/>
            <line number="108" hits="0" branch="false"/>
            <line number="110" hits="0" branch="false"/>
            <line number="115" hits="0" branch="false"/>
            <line number="123" hits="1" branch="false"/>
            <line number="125" hits="0" branch="false"/>
            <line number="130" hits="0" branch="false"/>
            <line number="136" hits="1" branch="true" condition-coverage="50% (1/2)"/>
            <line number="137" hits="0" branch="false"/>
            <line number="139" hits="0" branch="false"/>
            <line number="144" hits="0" branch="false"/>
            <line number="154" hits="1" branch="false"/>
            <line number="162" hits="0" branch="false"/>
            <line number="163" hits="0" branch="true" condition-coverage="0% (0/4)"/>
            <line number="164" hits="0" branch="false"/>
            <line number="181" hits="0" branch="false"/>
            <line number="209" hits="0" branch="false"/>
            <line number="212" hits="0" branch="false"/>
            <line number="220" hits="0" branch="false"/>
            <line number="221" hits="0" branch="false"/>
            <line number="238" hits="1" branch="false"/>
            <line number="244" hits="1" branch="false"/>
          </lines>
        </class>
      </classes>
    </package>
    <package name="components.login" line-rate="0.5652" branch-rate="0.551">
      <classes>
        <class name="login.js" filename="components/login/login.js" line-rate="0.5652" branch-rate="0.551">
          <methods>
            <method name="_interopRequireWildcard" hits="1" signature="()V">
              <lines>
                <line number="4" hits="1"/>
              </lines>
            </method>
            <method name="_classCallCheck" hits="1" signature="()V">
              <lines>
                <line number="4" hits="1"/>
              </lines>
            </method>
            <method name="_defineProperties" hits="1" signature="()V">
              <lines>
                <line number="4" hits="1"/>
              </lines>
            </method>
            <method name="_createClass" hits="1" signature="()V">
              <lines>
                <line number="4" hits="1"/>
              </lines>
            </method>
            <method name="_possibleConstructorReturn" hits="1" signature="()V">
              <lines>
                <line number="4" hits="1"/>
              </lines>
            </method>
            <method name="_assertThisInitialized" hits="1" signature="()V">
              <lines>
                <line number="4" hits="1"/>
              </lines>
            </method>
            <method name="_getPrototypeOf" hits="1" signature="()V">
              <lines>
                <line number="4" hits="1"/>
              </lines>
            </method>
            <method name="_getPrototypeOf" hits="0" signature="()V">
              <lines>
                <line number="4" hits="0"/>
              </lines>
            </method>
            <method name="_inherits" hits="1" signature="()V">
              <lines>
                <line number="4" hits="1"/>
              </lines>
            </method>
            <method name="_setPrototypeOf" hits="1" signature="()V">
              <lines>
                <line number="4" hits="1"/>
              </lines>
            </method>
            <method name="_setPrototypeOf" hits="0" signature="()V">
              <lines>
                <line number="4" hits="0"/>
              </lines>
            </method>
            <method name="(anonymous_11)" hits="1" signature="()V">
              <lines>
                <line number="11" hits="1"/>
              </lines>
            </method>
            <method name="LogIn" hits="1" signature="()V">
              <lines>
                <line number="12" hits="1"/>
              </lines>
            </method>
            <method name="userLogIn" hits="0" signature="()V">
              <lines>
                <line number="19" hits="0"/>
              </lines>
            </method>
            <method name="(anonymous_14)" hits="0" signature="()V">
              <lines>
                <line number="33" hits="0"/>
              </lines>
            </method>
            <method name="(anonymous_15)" hits="0" signature="()V">
              <lines>
                <line number="41" hits="0"/>
              </lines>
            </method>
            <method name="render" hits="1" signature="()V">
              <lines>
                <line number="44" hits="1"/>
              </lines>
            </method>
            <method name="onChangeText" hits="0" signature="()V">
              <lines>
                <line number="55" hits="0"/>
              </lines>
            </method>
            <method name="onChangeText" hits="0" signature="()V">
              <lines>
                <line number="63" hits="0"/>
              </lines>
            </method>
            <method name="onPress" hits="0" signature="()V">
              <lines>
                <line number="70" hits="0"/>
              </lines>
            </method>
          </methods>
          <lines>
            <line number="1" hits="1" branch="false"/>
            <line number="2" hits="1" branch="false"/>
            <line number="4" hits="19" branch="true" condition-coverage="57.446808510638306% (27/47)"/>
            <line number="11" hits="1" branch="false"/>
            <line number="12" hits="1" branch="false"/>
            <line number="13" hits="1" branch="false"/>
            <line number="15" hits="1" branch="false"/>
            <line number="17" hits="1" branch="false"/>
            <line number="19" hits="1" branch="false"/>
            <line number="21" hits="0" branch="false"/>
            <line number="22" hits="0" branch="false"/>
            <line number="34" hits="0" branch="false"/>
            <line number="35" hits="0" branch="true" condition-coverage="0% (0/2)"/>
            <line number="36" hits="0" branch="false"/>
            <line number="38" hits="0" branch="false"/>
            <line number="42" hits="0" branch="false"/>
            <line number="46" hits="1" branch="false"/>
            <line number="47" hits="1" branch="false"/>
            <line number="55" hits="0" branch="false"/>
            <line number="63" hits="0" branch="false"/>
            <line number="70" hits="0" branch="false"/>
            <line number="75" hits="1" branch="false"/>
            <line number="78" hits="1" branch="false"/>
          </lines>
        </class>
      </classes>
    </package>
    <package name="components.receipt" line-rate="0.5513" branch-rate="0.4891">
      <classes>
        <class name="DataHelper.js" filename="components/receipt/DataHelper.js" line-rate="0.44439999999999996" branch-rate="0.0909">
          <methods>
            <method name="saveToLocal" hits="0" signature="()V">
              <lines>
                <line number="4" hits="0"/>
              </lines>
            </method>
            <method name="saveToLocal$" hits="0" signature="()V">
              <lines>
                <line number="4" hits="0"/>
              </lines>
            </method>
            <method name="getFromLocal" hits="1" signature="()V">
              <lines>
                <line number="12" hits="1"/>
              </lines>
            </method>
            <method name="getFromLocal$" hits="1" signature="()V">
              <lines>
                <line number="12" hits="1"/>
              </lines>
            </method>
          </methods>
          <lines>
            <line number="1" hits="1" branch="false"/>
            <line number="3" hits="1" branch="false"/>
            <line number="4" hits="0" branch="true" condition-coverage="0% (0/5)"/>
            <line number="6" hits="0" branch="false"/>
            <line number="12" hits="1" branch="true" condition-coverage="25% (1/4)"/>
            <line number="13" hits="0" branch="false"/>
            <line number="14" hits="0" branch="true" condition-coverage="0% (0/2)"/>
            <line number="15" hits="0" branch="false"/>
            <line number="19" hits="1" branch="false"/>
          </lines>
        </class>
        <class name="NetworkHelper.js" filename="components/receipt/NetworkHelper.js" line-rate="0.2" branch-rate="0.3333">
          <methods>
            <method name="_interopRequireDefault" hits="2" signature="()V">
              <lines>
                <line number="2" hits="2"/>
              </lines>
            </method>
            <method name="uploadReceiptPhoto" hits="0" signature="()V">
              <lines>
                <line number="41" hits="0"/>
              </lines>
            </method>
            <method name="(anonymous_2)" hits="0" signature="()V">
              <lines>
                <line number="42" hits="0"/>
              </lines>
            </method>
            <method name="(anonymous_3)" hits="0" signature="()V">
              <lines>
                <line number="63" hits="0"/>
              </lines>
            </method>
            <method name="(anonymous_4)" hits="0" signature="()V">
              <lines>
                <line number="66" hits="0"/>
              </lines>
            </method>
            <method name="parseReceiptPackage" hits="0" signature="()V">
              <lines>
                <line number="73" hits="0"/>
              </lines>
            </method>
            <method name="saveToCloud" hits="0" signature="()V">
              <lines>
                <line number="108" hits="0"/>
              </lines>
            </method>
            <method name="loadFromCloud" hits="0" signature="()V">
              <lines>
                <line number="119" hits="0"/>
              </lines>
            </method>
            <method name="(anonymous_8)" hits="0" signature="()V">
              <lines>
                <line number="127" hits="0"/>
              </lines>
            </method>
            <method name="(anonymous_9)" hits="0" signature="()V">
              <lines>
                <line number="128" hits="0"/>
              </lines>
            </method>
            <method name="(anonymous_10)" hits="0" signature="()V">
              <lines>
                <line number="133" hits="0"/>
              </lines>
            </method>
            <method name="uploadReceiptData" hits="0" signature="()V">
              <lines>
                <line number="136" hits="0"/>
              </lines>
            </method>
            <method name="beginPollingReceipt" hits="1" signature="()V">
              <lines>
                <line number="149" hits="1"/>
              </lines>
            </method>
            <method name="(anonymous_13)" hits="0" signature="()V">
              <lines>
                <line number="150" hits="0"/>
              </lines>
            </method>
            <method name="(anonymous_14)" hits="0" signature="()V">
              <lines>
                <line number="158" hits="0"/>
              </lines>
            </method>
            <method name="(anonymous_15)" hits="0" signature="()V">
              <lines>
                <line number="159" hits="0"/>
              </lines>
            </method>
            <method name="(anonymous_16)" hits="0" signature="()V">
              <lines>
                <line number="162" hits="0"/>
              </lines>
            </method>
            <method name="loadAllGroups" hits="0" signature="()V">
              <lines>
                <line number="166" hits="0"/>
              </lines>
            </method>
            <method name="(anonymous_18)" hits="0" signature="()V">
              <lines>
                <line number="174" hits="0"/>
              </lines>
            </method>
            <method name="(anonymous_19)" hits="0" signature="()V">
              <lines>
                <line number="175" hits="0"/>
              </lines>
            </method>
            <method name="(anonymous_20)" hits="0" signature="()V">
              <lines>
                <line number="177" hits="0"/>
              </lines>
            </method>
            <method name="(anonymous_21)" hits="0" signature="()V">
              <lines>
                <line number="179" hits="0"/>
              </lines>
            </method>
            <method name="(anonymous_22)" hits="0" signature="()V">
              <lines>
                <line number="188" hits="0"/>
              </lines>
            </method>
          </methods>
          <lines>
            <line number="1" hits="1" branch="false"/>
            <line number="2" hits="2" branch="true" condition-coverage="100% (4/4)"/>
            <line number="4" hits="1" branch="false"/>
            <line number="5" hits="1" branch="false"/>
            <line number="10" hits="1" branch="false"/>
            <line number="17" hits="1" branch="false"/>
            <line number="25" hits="1" branch="false"/>
            <line number="40" hits="1" branch="false"/>
            <line number="41" hits="0" branch="false"/>
            <line number="42" hits="0" branch="false"/>
            <line number="43" hits="0" branch="true" condition-coverage="0% (0/2)"/>
            <line number="44" hits="0" branch="true" condition-coverage="0% (0/2)"/>
            <line number="46" hits="0" branch="false"/>
            <line number="47" hits="0" branch="false"/>
            <line number="48" hits="0" branch="false"/>
            <line number="64" hits="0" branch="false"/>
            <line number="67" hits="0" branch="false"/>
            <line number="74" hits="0" branch="false"/>
            <line number="75" hits="0" branch="false"/>
            <line number="76" hits="0" branch="false"/>
            <line number="77" hits="0" branch="false"/>
            <line number="78" hits="0" branch="false"/>
            <line number="79" hits="0" branch="false"/>
            <line number="80" hits="0" branch="false"/>
            <line number="82" hits="0" branch="false"/>
            <line number="83" hits="0" branch="false"/>
            <line number="85" hits="0" branch="false"/>
            <line number="86" hits="0" branch="false"/>
            <line number="88" hits="0" branch="false"/>
            <line number="96" hits="0" branch="false"/>
            <line number="109" hits="0" branch="false"/>
            <line number="120" hits="0" branch="false"/>
            <line number="127" hits="0" branch="false"/>
            <line number="129" hits="0" branch="true" condition-coverage="0% (0/2)"/>
            <line number="130" hits="0" branch="false"/>
            <line number="137" hits="0" branch="false"/>
            <line number="150" hits="1" branch="false"/>
            <line number="151" hits="0" branch="false"/>
            <line number="158" hits="0" branch="false"/>
            <line number="160" hits="0" branch="false"/>
            <line number="167" hits="0" branch="false"/>
            <line number="174" hits="0" branch="false"/>
            <line number="176" hits="0" branch="true" condition-coverage="0% (0/2)"/>
            <line number="177" hits="0" branch="false"/>
            <line number="178" hits="0" branch="false"/>
            <line number="179" hits="0" branch="false"/>
            <line number="180" hits="0" branch="false"/>
            <line number="182" hits="0" branch="false"/>
            <line number="186" hits="0" branch="false"/>
            <line number="192" hits="1" branch="false"/>
          </lines>
        </class>
        <class name="ReceiptList.js" filename="components/receipt/ReceiptList.js" line-rate="0.74" branch-rate="0.5606">
          <methods>
            <method name="_interopRequireWildcard" hits="2" signature="()V">
              <lines>
                <line number="12" hits="2"/>
              </lines>
            </method>
            <method name="_classCallCheck" hits="6" signature="()V">
              <lines>
                <line number="12" hits="6"/>
              </lines>
            </method>
            <method name="_defineProperties" hits="4" signature="()V">
              <lines>
                <line number="12" hits="4"/>
              </lines>
            </method>
            <method name="_createClass" hits="4" signature="()V">
              <lines>
                <line number="12" hits="4"/>
              </lines>
            </method>
            <method name="_possibleConstructorReturn" hits="6" signature="()V">
              <lines>
                <line number="12" hits="6"/>
              </lines>
            </method>
            <method name="_assertThisInitialized" hits="6" signature="()V">
              <lines>
                <line number="12" hits="6"/>
              </lines>
            </method>
            <method name="_getPrototypeOf" hits="1" signature="()V">
              <lines>
                <line number="12" hits="1"/>
              </lines>
            </method>
            <method name="_getPrototypeOf" hits="0" signature="()V">
              <lines>
                <line number="12" hits="0"/>
              </lines>
            </method>
            <method name="_inherits" hits="4" signature="()V">
              <lines>
                <line number="12" hits="4"/>
              </lines>
            </method>
            <method name="_setPrototypeOf" hits="2" signature="()V">
              <lines>
                <line number="12" hits="2"/>
              </lines>
            </method>
            <method name="_setPrototypeOf" hits="0" signature="()V">
              <lines>
                <line number="12" hits="0"/>
              </lines>
            </method>
            <method name="(anonymous_11)" hits="2" signature="()V">
              <lines>
                <line number="14" hits="2"/>
              </lines>
            </method>
            <method name="ReceiptListItem" hits="2" signature="()V">
              <lines>
                <line number="15" hits="2"/>
              </lines>
            </method>
            <method name="render" hits="2" signature="()V">
              <lines>
                <line number="28" hits="2"/>
              </lines>
            </method>
            <method name="onPress" hits="0" signature="()V">
              <lines>
                <line number="44" hits="0"/>
              </lines>
            </method>
            <method name="(anonymous_15)" hits="2" signature="()V">
              <lines>
                <line number="84" hits="2"/>
              </lines>
            </method>
            <method name="ReceiptList" hits="4" signature="()V">
              <lines>
                <line number="85" hits="4"/>
              </lines>
            </method>
            <method name="componentDidMount" hits="4" signature="()V">
              <lines>
                <line number="91" hits="4"/>
              </lines>
            </method>
            <method name="componentWillUnmount" hits="0" signature="()V">
              <lines>
                <line number="96" hits="0"/>
              </lines>
            </method>
            <method name="setReceiptHistory" hits="0" signature="()V">
              <lines>
                <line number="100" hits="0"/>
              </lines>
            </method>
            <method name="(anonymous_20)" hits="0" signature="()V">
              <lines>
                <line number="107" hits="0"/>
              </lines>
            </method>
            <method name="renderList" hits="1" signature="()V">
              <lines>
                <line number="112" hits="1"/>
              </lines>
            </method>
            <method name="renderItem" hits="0" signature="()V">
              <lines>
                <line number="120" hits="0"/>
              </lines>
            </method>
            <method name="keyExtractor" hits="0" signature="()V">
              <lines>
                <line number="154" hits="0"/>
              </lines>
            </method>
            <method name="renderPrompt" hits="4" signature="()V">
              <lines>
                <line number="159" hits="4"/>
              </lines>
            </method>
            <method name="render" hits="5" signature="()V">
              <lines>
                <line number="163" hits="5"/>
              </lines>
            </method>
          </methods>
          <lines>
            <line number="1" hits="2" branch="false"/>
            <line number="2" hits="2" branch="false"/>
            <line number="12" hits="38" branch="true" condition-coverage="57.446808510638306% (27/47)"/>
            <line number="14" hits="2" branch="false"/>
            <line number="15" hits="2" branch="false"/>
            <line number="16" hits="2" branch="false"/>
            <line number="18" hits="2" branch="false"/>
            <line number="26" hits="2" branch="false"/>
            <line number="28" hits="2" branch="false"/>
            <line number="30" hits="2" branch="false"/>
            <line number="33" hits="2" branch="true" condition-coverage="100% (2/2)"/>
            <line number="34" hits="1" branch="true" condition-coverage="50% (1/2)"/>
            <line number="35" hits="1" branch="false"/>
            <line number="38" hits="0" branch="false"/>
            <line number="42" hits="2" branch="false"/>
            <line number="44" hits="0" branch="false"/>
            <line number="81" hits="2" branch="false"/>
            <line number="84" hits="2" branch="false"/>
            <line number="85" hits="4" branch="false"/>
            <line number="86" hits="4" branch="false"/>
            <line number="88" hits="4" branch="false"/>
            <line number="89" hits="4" branch="false"/>
            <line number="91" hits="2" branch="false"/>
            <line number="94" hits="4" branch="true" condition-coverage="100% (2/2)"/>
            <line number="95" hits="2" branch="false"/>
            <line number="99" hits="0" branch="false"/>
            <line number="102" hits="0" branch="false"/>
            <line number="103" hits="0" branch="false"/>
            <line number="107" hits="0" branch="false"/>
            <line number="108" hits="0" branch="false"/>
            <line number="114" hits="1" branch="false"/>
            <line number="115" hits="1" branch="false"/>
            <line number="116" hits="1" branch="false"/>
            <line number="120" hits="0" branch="false"/>
            <line number="122" hits="0" branch="true" condition-coverage="0% (0/2)"/>
            <line number="123" hits="0" branch="true" condition-coverage="0% (0/2)"/>
            <line number="134" hits="0" branch="false"/>
            <line number="137" hits="0" branch="false"/>
            <line number="154" hits="0" branch="false"/>
            <line number="162" hits="4" branch="false"/>
            <line number="169" hits="5" branch="true" condition-coverage="100% (4/4)"/>
            <line number="171" hits="1" branch="false"/>
            <line number="176" hits="4" branch="false"/>
            <line number="179" hits="5" branch="false"/>
            <line number="195" hits="2" branch="false"/>
            <line number="201" hits="2" branch="false"/>
            <line number="202" hits="2" branch="false"/>
            <line number="204" hits="2" branch="false"/>
            <line number="205" hits="2" branch="false"/>
            <line number="207" hits="2" branch="false"/>
          </lines>
        </class>
        <class name="ReceiptModal.js" filename="components/receipt/ReceiptModal.js" line-rate="0.5982999999999999" branch-rate="0.5053">
          <methods>
            <method name="_interopRequireDefault" hits="4" signature="()V">
              <lines>
                <line number="21" hits="4"/>
              </lines>
            </method>
            <method name="_interopRequireWildcard" hits="4" signature="()V">
              <lines>
                <line number="21" hits="4"/>
              </lines>
            </method>
            <method name="_classCallCheck" hits="17" signature="()V">
              <lines>
                <line number="21" hits="17"/>
              </lines>
            </method>
            <method name="_defineProperties" hits="12" signature="()V">
              <lines>
                <line number="21" hits="12"/>
              </lines>
            </method>
            <method name="_createClass" hits="12" signature="()V">
              <lines>
                <line number="21" hits="12"/>
              </lines>
            </method>
            <method name="_possibleConstructorReturn" hits="17" signature="()V">
              <lines>
                <line number="21" hits="17"/>
              </lines>
            </method>
            <method name="_assertThisInitialized" hits="17" signature="()V">
              <lines>
                <line number="21" hits="17"/>
              </lines>
            </method>
            <method name="_getPrototypeOf" hits="3" signature="()V">
              <lines>
                <line number="21" hits="3"/>
              </lines>
            </method>
            <method name="_getPrototypeOf" hits="0" signature="()V">
              <lines>
                <line number="21" hits="0"/>
              </lines>
            </method>
            <method name="_inherits" hits="12" signature="()V">
              <lines>
                <line number="21" hits="12"/>
              </lines>
            </method>
            <method name="_setPrototypeOf" hits="4" signature="()V">
              <lines>
                <line number="21" hits="4"/>
              </lines>
            </method>
            <method name="_setPrototypeOf" hits="0" signature="()V">
              <lines>
                <line number="21" hits="0"/>
              </lines>
            </method>
            <method name="(anonymous_12)" hits="4" signature="()V">
              <lines>
                <line number="26" hits="4"/>
              </lines>
            </method>
            <method name="Title" hits="6" signature="()V">
              <lines>
                <line number="28" hits="6"/>
              </lines>
            </method>
            <method name="changeEditable" hits="3" signature="()V">
              <lines>
                <line number="35" hits="3"/>
              </lines>
            </method>
            <method name="render" hits="16" signature="()V">
              <lines>
                <line number="39" hits="16"/>
              </lines>
            </method>
            <method name="onPress" hits="1" signature="()V">
              <lines>
                <line number="45" hits="1"/>
              </lines>
            </method>
            <method name="onChangeText" hits="0" signature="()V">
              <lines>
                <line number="67" hits="0"/>
              </lines>
            </method>
            <method name="onPress" hits="1" signature="()V">
              <lines>
                <line number="81" hits="1"/>
              </lines>
            </method>
            <method name="onPress" hits="1" signature="()V">
              <lines>
                <line number="96" hits="1"/>
              </lines>
            </method>
            <method name="(anonymous_20)" hits="4" signature="()V">
              <lines>
                <line number="110" hits="4"/>
              </lines>
            </method>
            <method name="Item" hits="10" signature="()V">
              <lines>
                <line number="111" hits="10"/>
              </lines>
            </method>
            <method name="setToFix" hits="42" signature="()V">
              <lines>
                <line number="119" hits="42"/>
              </lines>
            </method>
            <method name="changeEditable" hits="3" signature="()V">
              <lines>
                <line number="123" hits="3"/>
              </lines>
            </method>
            <method name="render" hits="21" signature="()V">
              <lines>
                <line number="127" hits="21"/>
              </lines>
            </method>
            <method name="onPress" hits="1" signature="()V">
              <lines>
                <line number="133" hits="1"/>
              </lines>
            </method>
            <method name="onChangeText" hits="0" signature="()V">
              <lines>
                <line number="146" hits="0"/>
              </lines>
            </method>
            <method name="onPress" hits="1" signature="()V">
              <lines>
                <line number="160" hits="1"/>
              </lines>
            </method>
            <method name="onPress" hits="1" signature="()V">
              <lines>
                <line number="173" hits="1"/>
              </lines>
            </method>
            <method name="onPress" hits="3" signature="()V">
              <lines>
                <line number="230" hits="3"/>
              </lines>
            </method>
            <method name="(anonymous_30)" hits="4" signature="()V">
              <lines>
                <line number="268" hits="4"/>
              </lines>
            </method>
            <method name="ReceiptModal" hits="1" signature="()V">
              <lines>
                <line number="270" hits="1"/>
              </lines>
            </method>
            <method name="(anonymous_32)" hits="0" signature="()V">
              <lines>
                <line number="284" hits="0"/>
              </lines>
            </method>
            <method name="confirmCallback" hits="0" signature="()V">
              <lines>
                <line number="286" hits="0"/>
              </lines>
            </method>
            <method name="componentDidMount" hits="1" signature="()V">
              <lines>
                <line number="286" hits="1"/>
              </lines>
            </method>
            <method name="componentWillUnmount" hits="0" signature="()V">
              <lines>
                <line number="291" hits="0"/>
              </lines>
            </method>
            <method name="calculateTotal" hits="0" signature="()V">
              <lines>
                <line number="295" hits="0"/>
              </lines>
            </method>
            <method name="setToFix" hits="1" signature="()V">
              <lines>
                <line number="308" hits="1"/>
              </lines>
            </method>
            <method name="launch" hits="0" signature="()V">
              <lines>
                <line number="312" hits="0"/>
              </lines>
            </method>
            <method name="render" hits="1" signature="()V">
              <lines>
                <line number="339" hits="1"/>
              </lines>
            </method>
            <method name="(anonymous_40)" hits="0" signature="()V">
              <lines>
                <line number="366" hits="0"/>
              </lines>
            </method>
            <method name="onPress" hits="0" signature="()V">
              <lines>
                <line number="401" hits="0"/>
              </lines>
            </method>
            <method name="(anonymous_42)" hits="0" signature="()V">
              <lines>
                <line number="444" hits="0"/>
              </lines>
            </method>
            <method name="changeTitleCallback" hits="0" signature="()V">
              <lines>
                <line number="503" hits="0"/>
              </lines>
            </method>
            <method name="(anonymous_44)" hits="0" signature="()V">
              <lines>
                <line number="521" hits="0"/>
              </lines>
            </method>
            <method name="updateReceipt" hits="0" signature="()V">
              <lines>
                <line number="526" hits="0"/>
              </lines>
            </method>
            <method name="onPress" hits="0" signature="()V">
              <lines>
                <line number="567" hits="0"/>
              </lines>
            </method>
            <method name="onPress" hits="0" signature="()V">
              <lines>
                <line number="578" hits="0"/>
              </lines>
            </method>
          </methods>
          <lines>
            <line number="1" hits="4" branch="false"/>
            <line number="2" hits="4" branch="false"/>
            <line number="11" hits="4" branch="false"/>
            <line number="21" hits="76" branch="true" condition-coverage="58.82352941176471% (30/51)"/>
            <line number="24" hits="4" branch="false"/>
            <line number="26" hits="4" branch="false"/>
            <line number="28" hits="6" branch="false"/>
            <line number="29" hits="6" branch="false"/>
            <line number="30" hits="6" branch="false"/>
            <line number="33" hits="6" branch="false"/>
            <line number="35" hits="4" branch="false"/>
            <line number="38" hits="3" branch="false"/>
            <line number="41" hits="16" branch="false"/>
            <line number="43" hits="16" branch="true" condition-coverage="100% (2/2)"/>
            <line number="44" hits="8" branch="false"/>
            <line number="45" hits="1" branch="false"/>
            <line number="52" hits="8" branch="false"/>
            <line number="67" hits="0" branch="false"/>
            <line number="82" hits="1" branch="false"/>
            <line number="83" hits="1" branch="false"/>
            <line number="84" hits="1" branch="false"/>
            <line number="85" hits="1" branch="false"/>
            <line number="97" hits="1" branch="false"/>
            <line number="98" hits="1" branch="false"/>
            <line number="106" hits="16" branch="false"/>
            <line number="107" hits="4" branch="false"/>
            <line number="110" hits="4" branch="false"/>
            <line number="111" hits="10" branch="false"/>
            <line number="112" hits="10" branch="false"/>
            <line number="113" hits="10" branch="false"/>
            <line number="117" hits="10" branch="false"/>
            <line number="119" hits="4" branch="false"/>
            <line number="122" hits="42" branch="true" condition-coverage="100% (2/2)"/>
            <line number="126" hits="3" branch="false"/>
            <line number="129" hits="21" branch="false"/>
            <line number="131" hits="21" branch="true" condition-coverage="100% (2/2)"/>
            <line number="132" hits="15" branch="false"/>
            <line number="133" hits="1" branch="false"/>
            <line number="138" hits="6" branch="false"/>
            <line number="146" hits="0" branch="false"/>
            <line number="161" hits="1" branch="false"/>
            <line number="162" hits="1" branch="false"/>
            <line number="174" hits="1" branch="false"/>
            <line number="175" hits="1" branch="false"/>
            <line number="182" hits="21" branch="false"/>
            <line number="184" hits="21" branch="false"/>
            <line number="187" hits="21" branch="true" condition-coverage="100% (2/2)"/>
            <line number="188" hits="4" branch="false"/>
            <line number="189" hits="4" branch="false"/>
            <line number="191" hits="17" branch="false"/>
            <line number="192" hits="17" branch="true" condition-coverage="100% (2/2)"/>
            <line number="193" hits="4" branch="false"/>
            <line number="195" hits="13" branch="false"/>
            <line number="199" hits="21" branch="false"/>
            <line number="231" hits="3" branch="false"/>
            <line number="232" hits="3" branch="false"/>
            <line number="233" hits="3" branch="false"/>
            <line number="234" hits="3" branch="false"/>
            <line number="265" hits="4" branch="false"/>
            <line number="268" hits="4" branch="false"/>
            <line number="270" hits="1" branch="false"/>
            <line number="271" hits="1" branch="false"/>
            <line number="285" hits="0" branch="false"/>
            <line number="286" hits="4" branch="false"/>
            <line number="289" hits="1" branch="true" condition-coverage="50% (1/2)"/>
            <line number="290" hits="0" branch="false"/>
            <line number="294" hits="0" branch="false"/>
            <line number="298" hits="0" branch="false"/>
            <line number="299" hits="0" branch="false"/>
            <line number="300" hits="0" branch="true" condition-coverage="0% (0/2)"/>
            <line number="301" hits="0" branch="false"/>
            <line number="303" hits="0" branch="false"/>
            <line number="307" hits="0" branch="false"/>
            <line number="311" hits="1" branch="true" condition-coverage="50% (1/2)"/>
            <line number="315" hits="0" branch="false"/>
            <line number="316" hits="0" branch="true" condition-coverage="0% (0/2)"/>
            <line number="320" hits="0" branch="false"/>
            <line number="324" hits="0" branch="false"/>
            <line number="338" hits="0" branch="false"/>
            <line number="341" hits="1" branch="false"/>
            <line number="343" hits="1" branch="true" condition-coverage="50% (1/2)"/>
            <line number="344" hits="0" branch="false"/>
            <line number="348" hits="1" branch="true" condition-coverage="75% (3/4)"/>
            <line number="349" hits="1" branch="false"/>
            <line number="355" hits="0" branch="false"/>
            <line number="367" hits="0" branch="false"/>
            <line number="369" hits="0" branch="true" condition-coverage="0% (0/2)"/>
            <line number="370" hits="0" branch="false"/>
            <line number="371" hits="0" branch="false"/>
            <line number="372" hits="0" branch="true" condition-coverage="0% (0/2)"/>
            <line number="373" hits="0" branch="true" condition-coverage="0% (0/2)"/>
            <line number="388" hits="0" branch="false"/>
            <line number="402" hits="0" branch="true" condition-coverage="0% (0/2)"/>
            <line number="406" hits="0" branch="false"/>
            <line number="411" hits="0" branch="false"/>
            <line number="412" hits="0" branch="false"/>
            <line number="413" hits="0" branch="false"/>
            <line number="419" hits="0" branch="false"/>
            <line number="432" hits="0" branch="true" condition-coverage="0% (0/2)"/>
            <line number="433" hits="0" branch="false"/>
            <line number="445" hits="0" branch="false"/>
            <line number="446" hits="0" branch="false"/>
            <line number="447" hits="0" branch="true" condition-coverage="0% (0/2)"/>
            <line number="448" hits="0" branch="true" condition-coverage="0% (0/2)"/>
            <line number="449" hits="0" branch="false"/>
            <line number="483" hits="1" branch="false"/>
            <line number="504" hits="0" branch="false"/>
            <line number="521" hits="0" branch="false"/>
            <line number="527" hits="0" branch="false"/>
            <line number="528" hits="0" branch="false"/>
            <line number="529" hits="0" branch="false"/>
            <line number="530" hits="0" branch="false"/>
            <line number="568" hits="0" branch="false"/>
            <line number="579" hits="0" branch="false"/>
            <line number="590" hits="0" branch="false"/>
            <line number="597" hits="4" branch="false"/>
            <line number="600" hits="4" branch="false"/>
          </lines>
        </class>
        <class name="SimulationData.js" filename="components/receipt/SimulationData.js" line-rate="1" branch-rate="1">
          <methods>
          </methods>
          <lines>
            <line number="1" hits="1" branch="false"/>
            <line number="3" hits="1" branch="false"/>
            <line number="6" hits="1" branch="false"/>
            <line number="25" hits="1" branch="false"/>
            <line number="29" hits="1" branch="false"/>
            <line number="49" hits="1" branch="false"/>
            <line number="53" hits="1" branch="false"/>
            <line number="110" hits="1" branch="false"/>
          </lines>
        </class>
      </classes>
    </package>
  </packages>
</coverage>
