<?xml version="1.0" ?>
<coverage branch-rate="0" branches-covered="0" branches-valid="0" complexity="0" line-rate="0.8704" lines-covered="564" lines-valid="648" timestamp="1543869682059" version="4.5.2">
	<!-- Generated by coverage.py: https://coverage.readthedocs.io -->
	<!-- Based on https://raw.githubusercontent.com/cobertura/web/master/htdocs/xml/coverage-04.dtd -->
	<sources>
		<source>/Users/fionazheng/GoDutch/Do-Dutch/database/local</source>
	</sources>
	<packages>
		<package branch-rate="0" complexity="0" line-rate="0.8704" name=".">
			<classes>
				<class branch-rate="0" complexity="0" filename="connection.py" line-rate="0.9375" name="connection.py">
					<methods/>
					<lines>
						<line hits="1" number="1"/>
						<line hits="1" number="2"/>
						<line hits="1" number="5"/>
						<line hits="1" number="7"/>
						<line hits="1" number="11"/>
						<line hits="1" number="16"/>
						<line hits="1" number="18"/>
						<line hits="1" number="19"/>
						<line hits="1" number="20"/>
						<line hits="1" number="21"/>
						<line hits="1" number="23"/>
						<line hits="0" number="24"/>
						<line hits="1" number="26"/>
						<line hits="1" number="27"/>
						<line hits="1" number="29"/>
						<line hits="1" number="30"/>
					</lines>
				</class>
				<class branch-rate="0" complexity="0" filename="data.py" line-rate="1" name="data.py">
					<methods/>
					<lines>
						<line hits="1" number="1"/>
						<line hits="1" number="3"/>
						<line hits="1" number="4"/>
						<line hits="1" number="5"/>
						<line hits="1" number="6"/>
						<line hits="1" number="7"/>
						<line hits="1" number="8"/>
						<line hits="1" number="11"/>
						<line hits="1" number="13"/>
					</lines>
				</class>
				<class branch-rate="0" complexity="0" filename="functions.py" line-rate="0.8364" name="functions.py">
					<methods/>
					<lines>
						<line hits="1" number="1"/>
						<line hits="1" number="2"/>
						<line hits="1" number="3"/>
						<line hits="1" number="5"/>
						<line hits="1" number="6"/>
						<line hits="1" number="9"/>
						<line hits="1" number="10"/>
						<line hits="1" number="13"/>
						<line hits="1" number="14"/>
						<line hits="1" number="17"/>
						<line hits="0" number="18"/>
						<line hits="1" number="20"/>
						<line hits="0" number="21"/>
						<line hits="1" number="23"/>
						<line hits="0" number="24"/>
						<line hits="1" number="26"/>
						<line hits="0" number="27"/>
						<line hits="1" number="29"/>
						<line hits="0" number="30"/>
						<line hits="1" number="32"/>
						<line hits="1" number="33"/>
						<line hits="1" number="35"/>
						<line hits="0" number="36"/>
						<line hits="1" number="38"/>
						<line hits="1" number="39"/>
						<line hits="1" number="41"/>
						<line hits="1" number="42"/>
						<line hits="1" number="44"/>
						<line hits="0" number="45"/>
						<line hits="1" number="47"/>
						<line hits="1" number="48"/>
						<line hits="1" number="51"/>
						<line hits="1" number="52"/>
						<line hits="1" number="55"/>
						<line hits="1" number="56"/>
						<line hits="1" number="59"/>
						<line hits="1" number="60"/>
						<line hits="1" number="63"/>
						<line hits="1" number="64"/>
						<line hits="1" number="67"/>
						<line hits="1" number="68"/>
						<line hits="1" number="71"/>
						<line hits="1" number="72"/>
						<line hits="1" number="75"/>
						<line hits="1" number="76"/>
						<line hits="1" number="79"/>
						<line hits="1" number="80"/>
						<line hits="1" number="83"/>
						<line hits="1" number="84"/>
						<line hits="1" number="87"/>
						<line hits="1" number="88"/>
						<line hits="1" number="90"/>
						<line hits="0" number="91"/>
						<line hits="1" number="93"/>
						<line hits="0" number="94"/>
					</lines>
				</class>
				<class branch-rate="0" complexity="0" filename="messageutils.py" line-rate="0.3333" name="messageutils.py">
					<methods/>
					<lines>
						<line hits="1" number="1"/>
						<line hits="1" number="3"/>
						<line hits="0" number="4"/>
						<line hits="0" number="8"/>
						<line hits="0" number="10"/>
						<line hits="1" number="12"/>
						<line hits="0" number="13"/>
						<line hits="0" number="16"/>
						<line hits="0" number="17"/>
					</lines>
				</class>
				<class branch-rate="0" complexity="0" filename="orderutils.py" line-rate="0.8375" name="orderutils.py">
					<methods/>
					<lines>
						<line hits="1" number="1"/>
						<line hits="1" number="2"/>
						<line hits="1" number="5"/>
						<line hits="1" number="6"/>
						<line hits="1" number="9"/>
						<line hits="1" number="10"/>
						<line hits="1" number="13"/>
						<line hits="1" number="14"/>
						<line hits="1" number="17"/>
						<line hits="1" number="18"/>
						<line hits="1" number="23"/>
						<line hits="1" number="24"/>
						<line hits="1" number="28"/>
						<line hits="1" number="29"/>
						<line hits="0" number="30"/>
						<line hits="1" number="33"/>
						<line hits="1" number="34"/>
						<line hits="1" number="37"/>
						<line hits="1" number="38"/>
						<line hits="0" number="39"/>
						<line hits="1" number="41"/>
						<line hits="0" number="45"/>
						<line hits="1" number="47"/>
						<line hits="1" number="50"/>
						<line hits="1" number="51"/>
						<line hits="1" number="57"/>
						<line hits="1" number="58"/>
						<line hits="1" number="62"/>
						<line hits="1" number="66"/>
						<line hits="1" number="67"/>
						<line hits="0" number="69"/>
						<line hits="1" number="72"/>
						<line hits="1" number="73"/>
						<line hits="1" number="76"/>
						<line hits="1" number="77"/>
						<line hits="0" number="78"/>
						<line hits="1" number="79"/>
						<line hits="1" number="85"/>
						<line hits="1" number="86"/>
						<line hits="0" number="87"/>
						<line hits="1" number="88"/>
						<line hits="1" number="89"/>
						<line hits="1" number="90"/>
						<line hits="1" number="96"/>
						<line hits="1" number="98"/>
						<line hits="1" number="102"/>
						<line hits="1" number="105"/>
						<line hits="1" number="106"/>
						<line hits="0" number="107"/>
						<line hits="1" number="109"/>
						<line hits="1" number="113"/>
						<line hits="1" number="114"/>
						<line hits="1" number="116"/>
						<line hits="0" number="117"/>
						<line hits="1" number="119"/>
						<line hits="0" number="123"/>
						<line hits="1" number="125"/>
						<line hits="1" number="131"/>
						<line hits="1" number="132"/>
						<line hits="0" number="133"/>
						<line hits="1" number="135"/>
						<line hits="1" number="138"/>
						<line hits="1" number="139"/>
						<line hits="1" number="140"/>
						<line hits="1" number="145"/>
						<line hits="0" number="146"/>
						<line hits="1" number="147"/>
						<line hits="1" number="150"/>
						<line hits="1" number="151"/>
						<line hits="0" number="152"/>
						<line hits="1" number="154"/>
						<line hits="1" number="157"/>
						<line hits="1" number="158"/>
						<line hits="1" number="159"/>
						<line hits="1" number="164"/>
						<line hits="1" number="166"/>
						<line hits="1" number="167"/>
						<line hits="1" number="169"/>
						<line hits="0" number="173"/>
						<line hits="1" number="175"/>
					</lines>
				</class>
				<class branch-rate="0" complexity="0" filename="queries.py" line-rate="0.8986" name="queries.py">
					<methods/>
					<lines>
						<line hits="1" number="1"/>
						<line hits="1" number="2"/>
						<line hits="1" number="3"/>
						<line hits="1" number="6"/>
						<line hits="1" number="7"/>
						<line hits="1" number="8"/>
						<line hits="1" number="9"/>
						<line hits="1" number="10"/>
						<line hits="1" number="12"/>
						<line hits="1" number="13"/>
						<line hits="1" number="15"/>
						<line hits="1" number="16"/>
						<line hits="1" number="17"/>
						<line hits="1" number="20"/>
						<line hits="1" number="23"/>
						<line hits="1" number="24"/>
						<line hits="1" number="25"/>
						<line hits="1" number="28"/>
						<line hits="1" number="29"/>
						<line hits="1" number="30"/>
						<line hits="1" number="33"/>
						<line hits="1" number="34"/>
						<line hits="1" number="35"/>
						<line hits="1" number="38"/>
						<line hits="1" number="39"/>
						<line hits="1" number="40"/>
						<line hits="1" number="42"/>
						<line hits="1" number="43"/>
						<line hits="1" number="46"/>
						<line hits="1" number="47"/>
						<line hits="1" number="48"/>
						<line hits="1" number="49"/>
						<line hits="1" number="51"/>
						<line hits="1" number="55"/>
						<line hits="1" number="56"/>
						<line hits="1" number="58"/>
						<line hits="0" number="59"/>
						<line hits="0" number="60"/>
						<line hits="0" number="61"/>
						<line hits="0" number="63"/>
						<line hits="0" number="67"/>
						<line hits="0" number="68"/>
						<line hits="1" number="70"/>
						<line hits="1" number="71"/>
						<line hits="1" number="74"/>
						<line hits="1" number="75"/>
						<line hits="1" number="78"/>
						<line hits="1" number="79"/>
						<line hits="1" number="82"/>
						<line hits="1" number="83"/>
						<line hits="1" number="84"/>
						<line hits="1" number="86"/>
						<line hits="1" number="87"/>
						<line hits="1" number="90"/>
						<line hits="1" number="91"/>
						<line hits="1" number="92"/>
						<line hits="1" number="93"/>
						<line hits="1" number="96"/>
						<line hits="1" number="97"/>
						<line hits="1" number="101"/>
						<line hits="1" number="102"/>
						<line hits="1" number="103"/>
						<line hits="1" number="106"/>
						<line hits="1" number="107"/>
						<line hits="1" number="108"/>
						<line hits="0" number="109"/>
						<line hits="1" number="111"/>
						<line hits="1" number="112"/>
						<line hits="1" number="114"/>
					</lines>
				</class>
				<class branch-rate="0" complexity="0" filename="tests.py" line-rate="1" name="tests.py">
					<methods/>
					<lines>
						<line hits="1" number="1"/>
						<line hits="1" number="3"/>
						<line hits="1" number="4"/>
						<line hits="1" number="5"/>
						<line hits="1" number="6"/>
						<line hits="1" number="7"/>
						<line hits="1" number="8"/>
						<line hits="1" number="10"/>
						<line hits="1" number="13"/>
						<line hits="1" number="14"/>
						<line hits="1" number="15"/>
						<line hits="1" number="16"/>
						<line hits="1" number="19"/>
						<line hits="1" number="21"/>
						<line hits="1" number="22"/>
						<line hits="1" number="24"/>
						<line hits="1" number="25"/>
						<line hits="1" number="27"/>
						<line hits="1" number="28"/>
						<line hits="1" number="29"/>
						<line hits="1" number="30"/>
						<line hits="1" number="34"/>
						<line hits="1" number="36"/>
						<line hits="1" number="38"/>
						<line hits="1" number="42"/>
						<line hits="1" number="44"/>
						<line hits="1" number="45"/>
						<line hits="1" number="46"/>
						<line hits="1" number="47"/>
						<line hits="1" number="49"/>
						<line hits="1" number="50"/>
						<line hits="1" number="52"/>
						<line hits="1" number="56"/>
						<line hits="1" number="58"/>
						<line hits="1" number="60"/>
						<line hits="1" number="61"/>
						<line hits="1" number="62"/>
						<line hits="1" number="64"/>
						<line hits="1" number="68"/>
						<line hits="1" number="70"/>
						<line hits="1" number="71"/>
						<line hits="1" number="72"/>
						<line hits="1" number="74"/>
						<line hits="1" number="75"/>
						<line hits="1" number="76"/>
						<line hits="1" number="77"/>
						<line hits="1" number="81"/>
						<line hits="1" number="83"/>
						<line hits="1" number="86"/>
						<line hits="1" number="88"/>
						<line hits="1" number="89"/>
						<line hits="1" number="90"/>
						<line hits="1" number="92"/>
						<line hits="1" number="94"/>
						<line hits="1" number="98"/>
						<line hits="1" number="100"/>
						<line hits="1" number="101"/>
						<line hits="1" number="106"/>
						<line hits="1" number="107"/>
						<line hits="1" number="109"/>
						<line hits="1" number="110"/>
						<line hits="1" number="111"/>
						<line hits="1" number="112"/>
						<line hits="1" number="116"/>
						<line hits="1" number="118"/>
						<line hits="1" number="120"/>
						<line hits="1" number="124"/>
						<line hits="1" number="126"/>
						<line hits="1" number="130"/>
						<line hits="1" number="132"/>
						<line hits="1" number="134"/>
						<line hits="1" number="138"/>
						<line hits="1" number="139"/>
						<line hits="1" number="142"/>
						<line hits="1" number="143"/>
						<line hits="1" number="144"/>
						<line hits="1" number="147"/>
						<line hits="1" number="150"/>
						<line hits="1" number="154"/>
						<line hits="1" number="157"/>
						<line hits="1" number="158"/>
						<line hits="1" number="162"/>
						<line hits="1" number="165"/>
						<line hits="1" number="167"/>
						<line hits="1" number="169"/>
						<line hits="1" number="171"/>
						<line hits="1" number="173"/>
						<line hits="1" number="174"/>
						<line hits="1" number="175"/>
						<line hits="1" number="176"/>
						<line hits="1" number="177"/>
						<line hits="1" number="180"/>
						<line hits="1" number="181"/>
						<line hits="1" number="182"/>
						<line hits="1" number="184"/>
						<line hits="1" number="185"/>
						<line hits="1" number="187"/>
						<line hits="1" number="188"/>
						<line hits="1" number="190"/>
						<line hits="1" number="191"/>
						<line hits="1" number="193"/>
						<line hits="1" number="195"/>
						<line hits="1" number="197"/>
						<line hits="1" number="198"/>
						<line hits="1" number="200"/>
						<line hits="1" number="202"/>
						<line hits="1" number="204"/>
						<line hits="1" number="205"/>
						<line hits="1" number="206"/>
						<line hits="1" number="207"/>
						<line hits="1" number="210"/>
						<line hits="1" number="211"/>
						<line hits="1" number="212"/>
						<line hits="1" number="214"/>
						<line hits="1" number="215"/>
						<line hits="1" number="217"/>
						<line hits="1" number="222"/>
						<line hits="1" number="229"/>
						<line hits="1" number="230"/>
						<line hits="1" number="231"/>
						<line hits="1" number="233"/>
						<line hits="1" number="234"/>
						<line hits="1" number="235"/>
						<line hits="1" number="240"/>
						<line hits="1" number="242"/>
						<line hits="1" number="244"/>
						<line hits="1" number="245"/>
						<line hits="1" number="246"/>
						<line hits="1" number="247"/>
						<line hits="1" number="248"/>
						<line hits="1" number="250"/>
						<line hits="1" number="251"/>
						<line hits="1" number="252"/>
						<line hits="1" number="253"/>
						<line hits="1" number="254"/>
						<line hits="1" number="255"/>
						<line hits="1" number="257"/>
						<line hits="1" number="259"/>
						<line hits="1" number="263"/>
						<line hits="1" number="265"/>
						<line hits="1" number="267"/>
						<line hits="1" number="269"/>
						<line hits="1" number="270"/>
						<line hits="1" number="271"/>
						<line hits="1" number="272"/>
						<line hits="1" number="274"/>
						<line hits="1" number="278"/>
						<line hits="1" number="280"/>
						<line hits="1" number="282"/>
						<line hits="1" number="283"/>
						<line hits="1" number="284"/>
						<line hits="1" number="285"/>
						<line hits="1" number="287"/>
						<line hits="1" number="288"/>
						<line hits="1" number="290"/>
						<line hits="1" number="294"/>
						<line hits="1" number="296"/>
						<line hits="1" number="298"/>
						<line hits="1" number="300"/>
						<line hits="1" number="301"/>
						<line hits="1" number="303"/>
						<line hits="1" number="304"/>
						<line hits="1" number="306"/>
						<line hits="1" number="308"/>
						<line hits="1" number="313"/>
						<line hits="1" number="314"/>
						<line hits="1" number="316"/>
						<line hits="1" number="317"/>
						<line hits="1" number="318"/>
						<line hits="1" number="320"/>
						<line hits="1" number="321"/>
						<line hits="1" number="323"/>
						<line hits="1" number="327"/>
						<line hits="1" number="329"/>
						<line hits="1" number="330"/>
						<line hits="1" number="331"/>
						<line hits="1" number="333"/>
						<line hits="1" number="334"/>
						<line hits="1" number="336"/>
						<line hits="1" number="337"/>
						<line hits="1" number="339"/>
						<line hits="1" number="344"/>
						<line hits="1" number="345"/>
						<line hits="1" number="346"/>
						<line hits="1" number="348"/>
						<line hits="1" number="349"/>
						<line hits="1" number="350"/>
						<line hits="1" number="352"/>
						<line hits="1" number="353"/>
						<line hits="1" number="354"/>
						<line hits="1" number="355"/>
						<line hits="1" number="357"/>
						<line hits="1" number="358"/>
						<line hits="1" number="360"/>
						<line hits="1" number="365"/>
						<line hits="1" number="366"/>
						<line hits="1" number="367"/>
						<line hits="1" number="369"/>
						<line hits="1" number="372"/>
						<line hits="1" number="373"/>
						<line hits="1" number="377"/>
						<line hits="1" number="378"/>
						<line hits="1" number="379"/>
						<line hits="1" number="384"/>
						<line hits="1" number="385"/>
						<line hits="1" number="389"/>
						<line hits="1" number="390"/>
						<line hits="1" number="391"/>
						<line hits="1" number="395"/>
						<line hits="1" number="397"/>
						<line hits="1" number="403"/>
						<line hits="1" number="404"/>
						<line hits="1" number="405"/>
						<line hits="1" number="406"/>
						<line hits="1" number="407"/>
						<line hits="1" number="409"/>
						<line hits="1" number="411"/>
						<line hits="1" number="413"/>
						<line hits="1" number="418"/>
						<line hits="1" number="419"/>
						<line hits="1" number="420"/>
						<line hits="1" number="425"/>
						<line hits="1" number="429"/>
						<line hits="1" number="431"/>
						<line hits="1" number="433"/>
						<line hits="1" number="439"/>
						<line hits="1" number="440"/>
						<line hits="1" number="441"/>
						<line hits="1" number="442"/>
						<line hits="1" number="443"/>
						<line hits="1" number="445"/>
						<line hits="1" number="447"/>
						<line hits="1" number="449"/>
						<line hits="1" number="454"/>
						<line hits="1" number="455"/>
						<line hits="1" number="456"/>
						<line hits="1" number="458"/>
						<line hits="1" number="462"/>
						<line hits="1" number="464"/>
						<line hits="1" number="465"/>
						<line hits="1" number="466"/>
						<line hits="1" number="467"/>
						<line hits="1" number="468"/>
						<line hits="1" number="469"/>
						<line hits="1" number="470"/>
						<line hits="1" number="471"/>
						<line hits="1" number="472"/>
						<line hits="1" number="474"/>
						<line hits="1" number="475"/>
						<line hits="1" number="482"/>
						<line hits="1" number="489"/>
						<line hits="1" number="490"/>
						<line hits="1" number="491"/>
						<line hits="1" number="492"/>
						<line hits="1" number="493"/>
						<line hits="1" number="494"/>
						<line hits="1" number="495"/>
						<line hits="1" number="496"/>
						<line hits="1" number="497"/>
						<line hits="1" number="498"/>
						<line hits="1" number="500"/>
						<line hits="1" number="501"/>
						<line hits="1" number="506"/>
						<line hits="1" number="507"/>
						<line hits="1" number="515"/>
						<line hits="1" number="516"/>
						<line hits="1" number="517"/>
						<line hits="1" number="518"/>
						<line hits="1" number="519"/>
						<line hits="1" number="520"/>
						<line hits="1" number="521"/>
						<line hits="1" number="522"/>
						<line hits="1" number="523"/>
						<line hits="1" number="524"/>
						<line hits="1" number="526"/>
						<line hits="1" number="527"/>
						<line hits="1" number="532"/>
						<line hits="1" number="533"/>
						<line hits="1" number="542"/>
						<line hits="1" number="543"/>
						<line hits="1" number="544"/>
					</lines>
				</class>
				<class branch-rate="0" complexity="0" filename="userutils.py" line-rate="0.6279" name="userutils.py">
					<methods/>
					<lines>
						<line hits="1" number="1"/>
						<line hits="1" number="4"/>
						<line hits="1" number="5"/>
						<line hits="1" number="8"/>
						<line hits="1" number="9"/>
						<line hits="1" number="12"/>
						<line hits="1" number="13"/>
						<line hits="1" number="16"/>
						<line hits="1" number="17"/>
						<line hits="1" number="22"/>
						<line hits="1" number="23"/>
						<line hits="1" number="24"/>
						<line hits="1" number="26"/>
						<line hits="1" number="27"/>
						<line hits="1" number="29"/>
						<line hits="1" number="32"/>
						<line hits="1" number="33"/>
						<line hits="1" number="34"/>
						<line hits="0" number="35"/>
						<line hits="1" number="36"/>
						<line hits="1" number="39"/>
						<line hits="0" number="40"/>
						<line hits="0" number="45"/>
						<line hits="1" number="48"/>
						<line hits="0" number="49"/>
						<line hits="0" number="54"/>
						<line hits="1" number="57"/>
						<line hits="1" number="58"/>
						<line hits="1" number="59"/>
						<line hits="1" number="63"/>
						<line hits="1" number="64"/>
						<line hits="1" number="67"/>
						<line hits="1" number="68"/>
						<line hits="1" number="69"/>
						<line hits="1" number="70"/>
						<line hits="1" number="76"/>
						<line hits="1" number="77"/>
						<line hits="0" number="78"/>
						<line hits="1" number="79"/>
						<line hits="1" number="82"/>
						<line hits="1" number="83"/>
						<line hits="1" number="88"/>
						<line hits="0" number="89"/>
						<line hits="0" number="90"/>
						<line hits="1" number="92"/>
						<line hits="1" number="98"/>
						<line hits="1" number="99"/>
						<line hits="1" number="100"/>
						<line hits="1" number="102"/>
						<line hits="1" number="103"/>
						<line hits="0" number="104"/>
						<line hits="1" number="105"/>
						<line hits="1" number="108"/>
						<line hits="1" number="109"/>
						<line hits="1" number="114"/>
						<line hits="1" number="115"/>
						<line hits="0" number="117"/>
						<line hits="1" number="120"/>
						<line hits="0" number="121"/>
						<line hits="0" number="126"/>
						<line hits="0" number="127"/>
						<line hits="0" number="128"/>
						<line hits="0" number="131"/>
						<line hits="0" number="136"/>
						<line hits="0" number="141"/>
						<line hits="0" number="142"/>
						<line hits="0" number="143"/>
						<line hits="0" number="145"/>
						<line hits="0" number="146"/>
						<line hits="0" number="151"/>
						<line hits="0" number="156"/>
						<line hits="1" number="159"/>
						<line hits="0" number="160"/>
						<line hits="0" number="165"/>
						<line hits="0" number="166"/>
						<line hits="0" number="167"/>
						<line hits="0" number="169"/>
						<line hits="0" number="170"/>
						<line hits="0" number="174"/>
						<line hits="0" number="179"/>
						<line hits="1" number="182"/>
						<line hits="0" number="183"/>
						<line hits="0" number="188"/>
						<line hits="1" number="191"/>
						<line hits="0" number="192"/>
						<line hits="0" number="197"/>
						<line hits="0" number="198"/>
						<line hits="0" number="199"/>
						<line hits="0" number="200"/>
						<line hits="0" number="201"/>
						<line hits="0" number="203"/>
						<line hits="1" number="206"/>
						<line hits="1" number="207"/>
						<line hits="1" number="212"/>
						<line hits="1" number="213"/>
						<line hits="1" number="215"/>
						<line hits="1" number="218"/>
						<line hits="1" number="219"/>
						<line hits="1" number="224"/>
						<line hits="1" number="225"/>
						<line hits="0" number="227"/>
						<line hits="1" number="230"/>
						<line hits="0" number="231"/>
						<line hits="1" number="234"/>
						<line hits="1" number="235"/>
						<line hits="1" number="236"/>
						<line hits="0" number="238"/>
						<line hits="1" number="241"/>
						<line hits="1" number="242"/>
						<line hits="0" number="243"/>
						<line hits="1" number="245"/>
						<line hits="1" number="248"/>
						<line hits="1" number="249"/>
						<line hits="0" number="250"/>
						<line hits="1" number="252"/>
						<line hits="1" number="258"/>
						<line hits="1" number="259"/>
						<line hits="0" number="260"/>
						<line hits="1" number="262"/>
						<line hits="1" number="263"/>
						<line hits="0" number="264"/>
						<line hits="1" number="265"/>
						<line hits="1" number="268"/>
						<line hits="1" number="269"/>
						<line hits="1" number="274"/>
						<line hits="1" number="277"/>
						<line hits="1" number="278"/>
						<line hits="0" number="279"/>
						<line hits="1" number="281"/>
					</lines>
				</class>
			</classes>
		</package>
	</packages>
</coverage>
