{"/Users/fionazheng/GoDutch/Do-Dutch/do_dutch/components/home_screen.js": {"path":"/Users/fionazheng/GoDutch/Do-Dutch/do_dutch/components/home_screen.js","statementMap":{"0":{"start":{"line":1,"column":0},"end":{"line":null,"column":-1}},"1":{"start":{"line":2,"column":0},"end":{"line":null,"column":-1}},"2":{"start":{"line":3,"column":0},"end":{"line":null,"column":-1}},"3":{"start":{"line":4,"column":0},"end":{"line":null,"column":-1}},"4":{"start":{"line":5,"column":0},"end":{"line":null,"column":-1}},"5":{"start":{"line":6,"column":0},"end":{"line":null,"column":-1}},"6":{"start":{"line":8,"column":0},"end":{"line":null,"column":-1}},"7":{"start":{"line":9,"column":0},"end":{"line":null,"column":-1}},"8":{"start":{"line":10,"column":0},"end":{"line":null,"column":-1}},"9":{"start":{"line":11,"column":0},"end":{"line":null,"column":-1}},"10":{"start":{"line":12,"column":0},"end":{"line":null,"column":-1}},"11":{"start":{"line":23,"column":21},"end":{"line":null,"column":-1}},"12":{"start":{"line":24,"column":4},"end":{"line":null,"column":-1}},"13":{"start":{"line":26,"column":4},"end":{"line":null,"column":-1}},"14":{"start":{"line":27,"column":20},"end":{"line":27,"column":6}},"15":{"start":{"line":28,"column":6},"end":{"line":null,"column":-1}},"16":{"start":{"line":29,"column":6},"end":{"line":null,"column":-1}},"17":{"start":{"line":32,"column":4},"end":{"line":null,"column":-1}},"18":{"start":{"line":33,"column":6},"end":{"line":41,"column":7}},"19":{"start":{"line":34,"column":28},"end":{"line":34,"column":8}},"20":{"start":{"line":35,"column":8},"end":{"line":null,"column":-1}},"21":{"start":{"line":36,"column":22},"end":{"line":36,"column":8}},"22":{"start":{"line":37,"column":8},"end":{"line":null,"column":-1}},"23":{"start":{"line":38,"column":8},"end":{"line":null,"column":-1}},"24":{"start":{"line":39,"column":8},"end":{"line":null,"column":-1}},"25":{"start":{"line":40,"column":8},"end":{"line":null,"column":-1}},"26":{"start":{"line":46,"column":4},"end":{"line":null,"column":-1}},"27":{"start":{"line":47,"column":4},"end":{"line":null,"column":-1}},"28":{"start":{"line":48,"column":4},"end":{"line":null,"column":-1}},"29":{"start":{"line":51,"column":52},"end":{"line":null,"column":-1}},"30":{"start":{"line":52,"column":4},"end":{"line":null,"column":-1}},"31":{"start":{"line":53,"column":20},"end":{"line":53,"column":6}},"32":{"start":{"line":54,"column":6},"end":{"line":59,"column":7}},"33":{"start":{"line":55,"column":8},"end":{"line":null,"column":-1}},"34":{"start":{"line":56,"column":8},"end":{"line":null,"column":-1}},"35":{"start":{"line":58,"column":8},"end":{"line":null,"column":-1}},"36":{"start":{"line":60,"column":6},"end":{"line":null,"column":-1}},"37":{"start":{"line":61,"column":6},"end":{"line":null,"column":-1}},"38":{"start":{"line":65,"column":11},"end":{"line":null,"column":-1}},"39":{"start":{"line":70,"column":4},"end":{"line":115,"column":5}},"40":{"start":{"line":71,"column":6},"end":{"line":null,"column":-1}},"41":{"start":{"line":73,"column":27},"end":{"line":null,"column":-1}},"42":{"start":{"line":79,"column":12},"end":{"line":null,"column":-1}},"43":{"start":{"line":88,"column":6},"end":{"line":null,"column":-1}},"44":{"start":{"line":90,"column":20},"end":{"line":null,"column":-1}},"45":{"start":{"line":95,"column":12},"end":{"line":null,"column":-1}},"46":{"start":{"line":101,"column":6},"end":{"line":114,"column":7}},"47":{"start":{"line":102,"column":8},"end":{"line":null,"column":-1}},"48":{"start":{"line":104,"column":22},"end":{"line":null,"column":-1}},"49":{"start":{"line":109,"column":14},"end":{"line":null,"column":-1}},"50":{"start":{"line":117,"column":18},"end":{"line":117,"column":4}},"51":{"start":{"line":123,"column":4},"end":{"line":null,"column":-1}},"52":{"start":{"line":131,"column":12},"end":{"line":null,"column":-1}},"53":{"start":{"line":132,"column":12},"end":{"line":133,"column":14}},"54":{"start":{"line":133,"column":14},"end":{"line":null,"column":-1}},"55":{"start":{"line":149,"column":22},"end":{"line":null,"column":-1}},"56":{"start":{"line":170,"column":14},"end":{"line":null,"column":-1}},"57":{"start":{"line":173,"column":18},"end":{"line":null,"column":-1}},"58":{"start":{"line":181,"column":18},"end":{"line":null,"column":-1}},"59":{"start":{"line":182,"column":18},"end":{"line":null,"column":-1}},"60":{"start":{"line":183,"column":18},"end":{"line":null,"column":-1}},"61":{"start":{"line":187,"column":22},"end":{"line":null,"column":-1}},"62":{"start":{"line":208,"column":15},"end":{"line":208,"column":0}}},"fnMap":{"0":{"name":"HomeScreen","decl":{"start":{"line":23,"column":2},"end":{"line":23,"column":13}},"loc":{"start":{"line":23,"column":21},"end":{"line":43,"column":3}}},"1":{"name":"(anonymous_2)","decl":{"start":{"line":26,"column":39},"end":{"line":26,"column":38}},"loc":{"start":{"line":26,"column":47},"end":{"line":26,"column":4}}},"2":{"name":"(anonymous_3)","decl":{"start":{"line":32,"column":45},"end":{"line":32,"column":44}},"loc":{"start":{"line":32,"column":53},"end":{"line":32,"column":4}}},"3":{"name":"(anonymous_6)","decl":{"start":{"line":52,"column":39},"end":{"line":52,"column":38}},"loc":{"start":{"line":52,"column":53},"end":{"line":52,"column":4}}},"4":{"name":"onRef","decl":{"start":{"line":73,"column":17},"end":{"line":73,"column":17}},"loc":{"start":{"line":73,"column":26},"end":{"line":72,"column":8}}},"5":{"name":"onPressRecord","decl":{"start":{"line":78,"column":25},"end":{"line":78,"column":25}},"loc":{"start":{"line":78,"column":53},"end":{"line":72,"column":8}}},"6":{"name":"onRef","decl":{"start":{"line":90,"column":17},"end":{"line":90,"column":16}},"loc":{"start":{"line":90,"column":20},"end":{"line":89,"column":8}}},"7":{"name":"onPressRecord","decl":{"start":{"line":94,"column":25},"end":{"line":94,"column":25}},"loc":{"start":{"line":94,"column":53},"end":{"line":89,"column":8}}},"8":{"name":"onRef","decl":{"start":{"line":104,"column":19},"end":{"line":104,"column":18}},"loc":{"start":{"line":104,"column":22},"end":{"line":103,"column":10}}},"9":{"name":"onPressRecord","decl":{"start":{"line":108,"column":27},"end":{"line":108,"column":27}},"loc":{"start":{"line":108,"column":55},"end":{"line":103,"column":10}}},"10":{"name":"onChangeText","decl":{"start":{"line":130,"column":24},"end":{"line":130,"column":23}},"loc":{"start":{"line":130,"column":32},"end":{"line":134,"column":11}}},"11":{"name":"onRef","decl":{"start":{"line":149,"column":19},"end":{"line":149,"column":18}},"loc":{"start":{"line":149,"column":22},"end":{"line":148,"column":10}}},"12":{"name":"onPress","decl":{"start":{"line":169,"column":21},"end":{"line":169,"column":26}},"loc":{"start":{"line":169,"column":27},"end":{"line":192,"column":13}}},"13":{"name":"(anonymous_17)","decl":{"start":{"line":172,"column":16},"end":{"line":172,"column":16}},"loc":{"start":{"line":172,"column":43},"end":{"line":170,"column":14}}},"14":{"name":"(anonymous_18)","decl":{"start":{"line":180,"column":16},"end":{"line":180,"column":15}},"loc":{"start":{"line":180,"column":33},"end":{"line":170,"column":14}}},"15":{"name":"(anonymous_19)","decl":{"start":{"line":186,"column":20},"end":{"line":186,"column":19}},"loc":{"start":{"line":186,"column":34},"end":{"line":183,"column":18}}}},"branchMap":{"0":{"loc":{"start":{"line":33,"column":6},"end":{"line":41,"column":7}},"type":"if","locations":[{"start":{"line":33,"column":6},"end":{"line":41,"column":7}},{"start":{"line":33,"column":6},"end":{"line":41,"column":7}}]},"1":{"loc":{"start":{"line":54,"column":6},"end":{"line":59,"column":7}},"type":"if","locations":[{"start":{"line":54,"column":6},"end":{"line":59,"column":7}},{"start":{"line":54,"column":6},"end":{"line":59,"column":7}}]},"2":{"loc":{"start":{"line":70,"column":4},"end":{"line":115,"column":5}},"type":"if","locations":[{"start":{"line":70,"column":4},"end":{"line":115,"column":5}},{"start":{"line":70,"column":4},"end":{"line":115,"column":5}}]},"3":{"loc":{"start":{"line":101,"column":6},"end":{"line":114,"column":7}},"type":"if","locations":[{"start":{"line":101,"column":6},"end":{"line":114,"column":7}},{"start":{"line":101,"column":6},"end":{"line":114,"column":7}}]},"4":{"loc":{"start":{"line":119,"column":10},"end":{"line":117,"column":17}},"type":"cond-expr","locations":[{"start":{"line":119,"column":10},"end":{"line":117,"column":17}},{"start":{"line":120,"column":10},"end":{"line":117,"column":4}}]},"5":{"loc":{"start":{"line":117,"column":18},"end":{"line":117,"column":17}},"type":"binary-expr","locations":[{"start":{"line":117,"column":18},"end":{"line":117,"column":17}},{"start":{"line":117,"column":48},"end":{"line":117,"column":17}},{"start":{"line":118,"column":11},"end":{"line":118,"column":10}},{"start":{"line":118,"column":48},"end":{"line":117,"column":17}}]},"6":{"loc":{"start":{"line":132,"column":12},"end":{"line":133,"column":14}},"type":"if","locations":[{"start":{"line":132,"column":12},"end":{"line":133,"column":14}},{"start":{"line":132,"column":12},"end":{"line":133,"column":14}}]},"7":{"loc":{"start":{"line":132,"column":16},"end":{"line":132,"column":15}},"type":"binary-expr","locations":[{"start":{"line":132,"column":16},"end":{"line":132,"column":15}},{"start":{"line":132,"column":49},"end":{"line":132,"column":12}}]}},"s":{"0":0,"1":0,"2":0,"3":0,"4":0,"5":0,"6":0,"7":0,"8":0,"9":0,"10":0,"11":0,"12":0,"13":0,"14":0,"15":0,"16":0,"17":0,"18":0,"19":0,"20":0,"21":0,"22":0,"23":0,"24":0,"25":0,"26":0,"27":0,"28":0,"29":0,"30":0,"31":0,"32":0,"33":0,"34":0,"35":0,"36":0,"37":0,"38":0,"39":0,"40":0,"41":0,"42":0,"43":0,"44":0,"45":0,"46":0,"47":0,"48":0,"49":0,"50":0,"51":0,"52":0,"53":0,"54":0,"55":0,"56":0,"57":0,"58":0,"59":0,"60":0,"61":0,"62":0},"f":{"0":0,"1":0,"2":0,"3":0,"4":0,"5":0,"6":0,"7":0,"8":0,"9":0,"10":0,"11":0,"12":0,"13":0,"14":0,"15":0},"b":{"0":[0,0],"1":[0,0],"2":[0,0],"3":[0,0],"4":[0,0],"5":[0,0,0,0],"6":[0,0],"7":[0,0]}}
,"/Users/fionazheng/GoDutch/Do-Dutch/do_dutch/components/receipt/ReceiptList.js": {"path":"/Users/fionazheng/GoDutch/Do-Dutch/do_dutch/components/receipt/ReceiptList.js","statementMap":{"0":{"start":{"line":1,"column":0},"end":{"line":null,"column":-1}},"1":{"start":{"line":2,"column":0},"end":{"line":null,"column":-1}},"2":{"start":{"line":11,"column":0},"end":{"line":null,"column":-1}},"3":{"start":{"line":14,"column":21},"end":{"line":null,"column":-1}},"4":{"start":{"line":15,"column":4},"end":{"line":null,"column":-1}},"5":{"start":{"line":17,"column":4},"end":{"line":null,"column":-1}},"6":{"start":{"line":29,"column":11},"end":{"line":null,"column":-1}},"7":{"start":{"line":31,"column":4},"end":{"line":37,"column":5}},"8":{"start":{"line":32,"column":6},"end":{"line":36,"column":7}},"9":{"start":{"line":33,"column":8},"end":{"line":null,"column":-1}},"10":{"start":{"line":35,"column":8},"end":{"line":null,"column":-1}},"11":{"start":{"line":38,"column":4},"end":{"line":null,"column":-1}},"12":{"start":{"line":40,"column":17},"end":{"line":null,"column":-1}},"13":{"start":{"line":94,"column":21},"end":{"line":null,"column":-1}},"14":{"start":{"line":95,"column":4},"end":{"line":null,"column":-1}},"15":{"start":{"line":97,"column":4},"end":{"line":null,"column":-1}},"16":{"start":{"line":103,"column":4},"end":{"line":null,"column":-1}},"17":{"start":{"line":107,"column":4},"end":{"line":null,"column":-1}},"18":{"start":{"line":110,"column":36},"end":{"line":null,"column":-1}},"19":{"start":{"line":111,"column":4},"end":{"line":null,"column":-1}},"20":{"start":{"line":114,"column":4},"end":{"line":null,"column":-1}},"21":{"start":{"line":115,"column":6},"end":{"line":null,"column":-1}},"22":{"start":{"line":121,"column":11},"end":{"line":null,"column":-1}},"23":{"start":{"line":123,"column":18},"end":{"line":123,"column":4}},"24":{"start":{"line":125,"column":27},"end":{"line":125,"column":4}},"25":{"start":{"line":126,"column":4},"end":{"line":167,"column":5}},"26":{"start":{"line":127,"column":6},"end":{"line":null,"column":-1}},"27":{"start":{"line":131,"column":43},"end":{"line":131,"column":42}},"28":{"start":{"line":132,"column":12},"end":{"line":145,"column":13}},"29":{"start":{"line":133,"column":14},"end":{"line":144,"column":16}},"30":{"start":{"line":144,"column":16},"end":{"line":null,"column":-1}},"31":{"start":{"line":146,"column":12},"end":{"line":null,"column":-1}},"32":{"start":{"line":162,"column":24},"end":{"line":null,"column":-1}},"33":{"start":{"line":166,"column":6},"end":{"line":null,"column":-1}},"34":{"start":{"line":168,"column":4},"end":{"line":null,"column":-1}},"35":{"start":{"line":192,"column":17},"end":{"line":192,"column":0}},"36":{"start":{"line":193,"column":18},"end":{"line":193,"column":0}},"37":{"start":{"line":195,"column":15},"end":{"line":195,"column":0}}},"fnMap":{"0":{"name":"ReceiptListItem","decl":{"start":{"line":14,"column":2},"end":{"line":14,"column":13}},"loc":{"start":{"line":14,"column":21},"end":{"line":27,"column":3}}},"1":{"name":"onPress","decl":{"start":{"line":40,"column":17},"end":{"line":null,"column":-1}},"loc":{"start":{"line":40,"column":17},"end":{"line":null,"column":-1}}},"2":{"name":"ReceiptList","decl":{"start":{"line":94,"column":2},"end":{"line":94,"column":13}},"loc":{"start":{"line":94,"column":21},"end":{"line":100,"column":3}}},"3":{"name":"(anonymous_9)","decl":{"start":{"line":114,"column":15},"end":{"line":114,"column":20}},"loc":{"start":{"line":114,"column":21},"end":{"line":114,"column":14}}},"4":{"name":"renderItem","decl":{"start":{"line":131,"column":22},"end":{"line":131,"column":42}},"loc":{"start":{"line":131,"column":43},"end":{"line":128,"column":8}}},"5":{"name":"keyExtractor","decl":{"start":{"line":162,"column":24},"end":{"line":162,"column":24}},"loc":{"start":{"line":162,"column":24},"end":{"line":null,"column":-1}}}},"branchMap":{"0":{"loc":{"start":{"line":31,"column":4},"end":{"line":37,"column":5}},"type":"if","locations":[{"start":{"line":31,"column":4},"end":{"line":37,"column":5}},{"start":{"line":31,"column":4},"end":{"line":37,"column":5}}]},"1":{"loc":{"start":{"line":32,"column":6},"end":{"line":36,"column":7}},"type":"if","locations":[{"start":{"line":32,"column":6},"end":{"line":36,"column":7}},{"start":{"line":32,"column":6},"end":{"line":36,"column":7}}]},"2":{"loc":{"start":{"line":126,"column":4},"end":{"line":167,"column":5}},"type":"if","locations":[{"start":{"line":126,"column":4},"end":{"line":167,"column":5}},{"start":{"line":126,"column":4},"end":{"line":167,"column":5}}]},"3":{"loc":{"start":{"line":126,"column":8},"end":{"line":126,"column":22}},"type":"binary-expr","locations":[{"start":{"line":126,"column":8},"end":{"line":126,"column":22}},{"start":{"line":126,"column":26},"end":{"line":126,"column":4}}]},"4":{"loc":{"start":{"line":132,"column":12},"end":{"line":145,"column":13}},"type":"if","locations":[{"start":{"line":132,"column":12},"end":{"line":145,"column":13}},{"start":{"line":132,"column":12},"end":{"line":145,"column":13}}]},"5":{"loc":{"start":{"line":133,"column":14},"end":{"line":144,"column":16}},"type":"if","locations":[{"start":{"line":133,"column":14},"end":{"line":144,"column":16}},{"start":{"line":133,"column":14},"end":{"line":144,"column":16}}]},"6":{"loc":{"start":{"line":134,"column":16},"end":{"line":134,"column":15}},"type":"binary-expr","locations":[{"start":{"line":134,"column":16},"end":{"line":134,"column":15}},{"start":{"line":137,"column":16},"end":{"line":134,"column":16}},{"start":{"line":140,"column":16},"end":{"line":133,"column":14}}]}},"s":{"0":0,"1":0,"2":0,"3":0,"4":0,"5":0,"6":0,"7":0,"8":0,"9":0,"10":0,"11":0,"12":0,"13":0,"14":0,"15":0,"16":0,"17":0,"18":0,"19":0,"20":0,"21":0,"22":0,"23":0,"24":0,"25":0,"26":0,"27":0,"28":0,"29":0,"30":0,"31":0,"32":0,"33":0,"34":0,"35":0,"36":0,"37":0},"f":{"0":0,"1":0,"2":0,"3":0,"4":0,"5":0},"b":{"0":[0,0],"1":[0,0],"2":[0,0],"3":[0,0],"4":[0,0],"5":[0,0],"6":[0,0,0]}}
,"/Users/fionazheng/GoDutch/Do-Dutch/do_dutch/setup/setup.js": {"path":"/Users/fionazheng/GoDutch/Do-Dutch/do_dutch/setup/setup.js","statementMap":{"0":{"start":{"line":2,"column":0},"end":{"line":null,"column":-1}},"1":{"start":{"line":4,"column":12},"end":{"line":4,"column":0}},"2":{"start":{"line":8,"column":0},"end":{"line":null,"column":-1}}},"fnMap":{},"branchMap":{},"s":{"0":0,"1":0,"2":0},"f":{},"b":{}}
}
