TN:
SF:/Users/fionazheng/GoDutch/Do-Dutch/do_dutch/components/home_screen.js
FN:23,HomeScreen
FN:26,(anonymous_2)
FN:32,(anonymous_3)
FN:52,(anonymous_6)
FN:73,onRef
FN:78,onPressRecord
FN:90,onRef
FN:94,onPressRecord
FN:104,onRef
FN:108,onPressRecord
FN:130,onChangeText
FN:149,onRef
FN:169,onPress
FN:172,(anonymous_17)
FN:180,(anonymous_18)
FN:186,(anonymous_19)
FNF:16
FNH:0
FNDA:0,HomeScreen
FNDA:0,(anonymous_2)
FNDA:0,(anonymous_3)
FNDA:0,(anonymous_6)
FNDA:0,onRef
FNDA:0,onPressRecord
FNDA:0,onRef
FNDA:0,onPressRecord
FNDA:0,onRef
FNDA:0,onPressRecord
FNDA:0,onChangeText
FNDA:0,onRef
FNDA:0,onPress
FNDA:0,(anonymous_17)
FNDA:0,(anonymous_18)
FNDA:0,(anonymous_19)
DA:1,0
DA:2,0
DA:3,0
DA:4,0
DA:5,0
DA:6,0
DA:8,0
DA:9,0
DA:10,0
DA:11,0
DA:12,0
DA:23,0
DA:24,0
DA:26,0
DA:27,0
DA:28,0
DA:29,0
DA:32,0
DA:33,0
DA:34,0
DA:35,0
DA:36,0
DA:37,0
DA:38,0
DA:39,0
DA:40,0
DA:46,0
DA:47,0
DA:48,0
DA:51,0
DA:52,0
DA:53,0
DA:54,0
DA:55,0
DA:56,0
DA:58,0
DA:60,0
DA:61,0
DA:65,0
DA:70,0
DA:71,0
DA:73,0
DA:79,0
DA:88,0
DA:90,0
DA:95,0
DA:101,0
DA:102,0
DA:104,0
DA:109,0
DA:117,0
DA:123,0
DA:131,0
DA:132,0
DA:133,0
DA:149,0
DA:170,0
DA:173,0
DA:181,0
DA:182,0
DA:183,0
DA:187,0
DA:208,0
LF:63
LH:0
BRDA:33,0,0,0
BRDA:33,0,1,0
BRDA:54,1,0,0
BRDA:54,1,1,0
BRDA:70,2,0,0
BRDA:70,2,1,0
BRDA:101,3,0,0
BRDA:101,3,1,0
BRDA:119,4,0,0
BRDA:119,4,1,0
BRDA:117,5,0,0
BRDA:117,5,1,0
BRDA:117,5,2,0
BRDA:117,5,3,0
BRDA:132,6,0,0
BRDA:132,6,1,0
BRDA:132,7,0,0
BRDA:132,7,1,0
BRF:18
BRH:0
end_of_record
TN:
SF:/Users/fionazheng/GoDutch/Do-Dutch/do_dutch/components/receipt/ReceiptList.js
FN:14,ReceiptListItem
FN:40,onPress
FN:94,ReceiptList
FN:114,(anonymous_9)
FN:131,renderItem
FN:162,keyExtractor
FNF:6
FNH:0
FNDA:0,ReceiptListItem
FNDA:0,onPress
FNDA:0,ReceiptList
FNDA:0,(anonymous_9)
FNDA:0,renderItem
FNDA:0,keyExtractor
DA:1,0
DA:2,0
DA:11,0
DA:14,0
DA:15,0
DA:17,0
DA:29,0
DA:31,0
DA:32,0
DA:33,0
DA:35,0
DA:38,0
DA:40,0
DA:94,0
DA:95,0
DA:97,0
DA:103,0
DA:107,0
DA:110,0
DA:111,0
DA:114,0
DA:115,0
DA:121,0
DA:123,0
DA:125,0
DA:126,0
DA:127,0
DA:131,0
DA:132,0
DA:133,0
DA:144,0
DA:146,0
DA:162,0
DA:166,0
DA:168,0
DA:192,0
DA:193,0
DA:195,0
LF:38
LH:0
BRDA:31,0,0,0
BRDA:31,0,1,0
BRDA:32,1,0,0
BRDA:32,1,1,0
BRDA:126,2,0,0
BRDA:126,2,1,0
BRDA:126,3,0,0
BRDA:126,3,1,0
BRDA:132,4,0,0
BRDA:132,4,1,0
BRDA:133,5,0,0
BRDA:133,5,1,0
BRDA:134,6,0,0
BRDA:134,6,1,0
BRDA:134,6,2,0
BRF:15
BRH:0
end_of_record
TN:
SF:/Users/fionazheng/GoDutch/Do-Dutch/do_dutch/setup/setup.js
FNF:0
FNH:0
DA:2,0
DA:4,0
DA:8,0
LF:3
LH:0
BRF:0
BRH:0
end_of_record
